#
# There is insufficient memory for the Java Runtime Environment to continue.
# Native memory allocation (malloc) failed to allocate 766096 bytes for Chunk::new
# Possible reasons:
#   The system is out of physical RAM or swap space
#   The process is running with CompressedOops enabled, and the Java Heap may be blocking the growth of the native heap
# Possible solutions:
#   Reduce memory load on the system
#   Increase physical memory or swap space
#   Check if swap backing store is full
#   Decrease Java heap size (-Xmx/-Xms)
#   Decrease number of Java threads
#   Decrease Java thread stack sizes (-Xss)
#   Set larger code cache with -XX:ReservedCodeCacheSize=
#   JVM is running with Unscaled Compressed Oops mode in which the Java heap is
#     placed in the first 4GB address space. The Java Heap base address is the
#     maximum limit for the native heap growth. Please use -XX:HeapBaseMinAddress
#     to set the Java Heap base and to place the Java Heap above 4GB virtual address.
# This output file may be truncated or incomplete.
#
#  Out of Memory Error (arena.cpp:184), pid=9320, tid=11272
#
# JRE version: OpenJDK Runtime Environment Temurin-19.0.2+7 (19.0.2+7) (build 19.0.2+7)
# Java VM: OpenJDK 64-Bit Server VM Temurin-19.0.2+7 (19.0.2+7, mixed mode, sharing, tiered, compressed oops, compressed class ptrs, g1 gc, windows-amd64)
# No core dump will be written. Minidumps are not enabled by default on client versions of Windows
#

---------------  S U M M A R Y ------------

Command Line: --add-modules=ALL-SYSTEM --add-opens=java.base/java.util=ALL-UNNAMED --add-opens=java.base/java.lang=ALL-UNNAMED -Declipse.application=org.python.pydev.pydev_lsp.application -Dosgi.bundles.defaultStartLevel=4 -Declipse.product=org.python.pydev.pydev_lsp.product -Xmx1G -XX:+UseG1GC -XX:+UseStringDeduplication c:\Users\LEO\.vscode\extensions\fabioz.vscode-pydev-0.15.2\server\plugins\org.eclipse.equinox.launcher_1.6.700.v20240213-1244.jar -configuration c:\Users\LEO\.vscode\extensions\fabioz.vscode-pydev-0.15.2\server\config_win -data c:\Users\LEO\AppData\Roaming\Code\User\workspaceStorage\4f7ca437acc81770fa021e41fc307c30\fabioz.vscode-pydev\pydev_ws

Host: Intel(R) Celeron(R) CPU N3350 @ 1.10GHz, 2 cores, 3G,  Windows 10 , 64 bit Build 19041 (10.0.19041.5915)
Time: Thu Jun 12 18:33:39 2025 Paris, Madrid (heure duild 19041 (10.0.19041.5915) elapsed time: 1.006336 seconds (0d 0h 0m 1s)

---------------  T H R E A D  ---------------

Current thread (0x0000021e001416c0):  JavaThread "C2 CompilerThread0" daemon [_thread_in_native, id=11272, stack(0x0000003548f00000,0x0000003549000000)]


Current CompileTask:
C2:   1006  494   !   4       java.util.jar.Attributes::read (498 bytes)

Stack: [0x0000003548f00000,0x0000003549000000]
Native frames: (J=compiled Java code, j=interpreted, Vv=VM code, C=native code)
V  [jvm.dll+0x6e9e1a]
V  [jvm.dll+0x8a36c0]
V  [jvm.dll+0x8a50ae]
V  [jvm.dll+0x8a5763]
V  [jvm.dll+0x27bcdf]
V  [jvm.dll+0xc221f]
V  [jvm.dll+0xc2595]
V  [jvm.dll+0x3b7d61]
V  [jvm.dll+0x3815f1]
V  [jvm.dll+0x380a9a]
V  [jvm.dll+0x2452db]
V  [jvm.dll+0x244671]
V  [jvm.dll+0x1cf4b1]
V  [jvm.dll+0x254229]
V  [jvm.dll+0x252418]
V  [jvm.dll+0x85403d]
V  [jvm.dll+0x84de3a]
V  [jvm.dll+0x6e8abb]
C  [ucrtbase.dll+0x21bb2]
C  [KERNEL32.DLL+0x17374]
C  [ntdll.dll+0x4cc91]


---------------  P R O C E S S  ---------------

Threads class SMR info:
_java_thread_list=0x0000021e04471d50, length=12, elements={
0x0000021e67514ff0, 0x0000021e0012d450, 0x0000021e001302f0, 0x0000021e00135850,
0x0000021e0013bdc0, 0x0000021e0013ce90, 0x0000021e0013d900, 0x0000021e001416c0,
0x0000021e001806d0, 0x0000021e001c66e0, 0x0000021e001fe910, 0x0000021e044e74b0
}

Java Threads: ( => current thread )
  0x0000021e67514ff0 JavaThread "main" [_thread_in_vm, id=11284, stack(0x0000003548100000,0x0000003548200000)]
  0x0000021e0012d450 JavaThread "Reference Handler" daemon [_thread_blocked, id=11352, stack(0x0000003548900000,0x0000003548a00000)]
  0x0000021e001302f0 JavaThread "Finalizer" daemon [_thread_blocked, id=1272, stack(0x0000003548a00000,0x0000003548b00000)]
  0x0000021e00135850 JavaThread "Signal Dispatcher" daemon [_thread_blocked, id=504, stack(0x0000003548b00000,0x0000003548c00000)]
  0x0000021e0013bdc0 JavaThread "Attach Listener" daemon [_thread_blocked, id=10408, stack(0x0000003548c00000,0x0000003548d00000)]
  0x0000021e0013ce90 JavaThread "Service Thread" daemon [_thread_blocked, id=7992, stack(0x0000003548d00000,0x0000003548e00000)]
  0x0000021e0013d900 JavaThread "Monitor Deflation Thread" daemon [_thread_blocked, id=256, stack(0x0000003548e00000,0x0000003548f00000)]
=>0x0000021e001416c0 JavaThread "C2 CompilerThread0" daemon [_thread_in_native, id=11272, stack(0x0000003548f00000,0x0000003549000000)]
  0x0000021e001806d0 JavaThread "C1 CompilerThread0" daemon [_thread_blocked, id=1328, stack(0x0000003549000000,0x0000003549100000)]
  0x0000021e001c66e0 JavaThread "Sweeper thread" daemon [_thread_blocked, id=10728, stack(0x0000003549100000,0x0000003549200000)]
  0x0000021e001fe910 JavaThread "Common-Cleaner" daemon [_thread_blocked, id=3644, stack(0x0000003549200000,0x0000003549300000)]
  0x0000021e044e74b0 JavaThread "Notification Thread" daemon [_thread_blocked, id=5996, stack(0x0000003549300000,0x0000003549400000)]

Other Threads:
  0x0000021e675d62d0 VMThread "VM Thread" [stack: 0x0000003548800000,0x0000003548900000] [id=6008]
  0x0000021e044e9a00 WatcherThread "VM Periodic Task Thread" [stack: 0x0000003549400000,0x0000003549500000] [id=8132]
  0x0000021e67558b00 WorkerThread "GC Thread#0" [stack: 0x0000003548200000,0x0000003548300000] [id=1332]
  0x0000021e04598120 WorkerThread "GC Thread#1" [stack: 0x0000003549500000,0x0000003549600000] [id=2080]
  0x0000021e67561970 ConcurrentGCThread "G1 Main Marker" [stack: 0x0000003548300000,0x0000003548400000] [id=10696]
  0x0000021e67562450 WorkerThread "G1 Conc#0" [stack: 0x0000003548400000,0x0000003548500000] [id=6260]
  0x0000021e675a8f10 ConcurrentGCThread "G1 Refine#0" [stack: 0x0000003548500000,0x0000003548600000] [id=8148]
  0x0000021e675a9b00 ConcurrentGCThread "G1 Service" [stack: 0x0000003548600000,0x0000003548700000] [id=3340]
  0x0000021e675d0da0 ConcurrentGCThread "StringDedupProcessor" [stack: 0x0000003548700000,0x0000003548800000] [id=8976]

Threads with active compile tasks:
C2 CompilerThread0     1071  494   !   4       java.util.jar.Attributes::read (498 bytes)

VM state: not at safepoint (normal execution)

VM Mutex/Monitor currently owned by a thread: None

Heap address: 0x00000000c0000000, size: 1024 MB, Compressed Oops mode: 32-bit

CDS archive(s) mapped at: [0x0000000800000000-0x0000000800ad0000-0x0000000800ad0000), size 11337728, SharedBaseAddress: 0x0000000800000000, ArchiveRelocationMode: 0.
Compressed class space mapped at: 0x0000000800c00000-0x0000000840c00000, reserved size: 1073741824
Narrow klass base: 0x0000000800000000, Narrow klass shift: 0, Narrow klass range: 0x100000000

GC Precious Log:
 CardTable entry size: 512
 Card Set container configuration: InlinePtr #cards 5 size 8 Array Of Cards #cards 12 size 40 Howl #buckets 4 coarsen threshold 1843 Howl Bitmap #cards 512 size 80 coarsen threshold 460 Card regions per heap region 1 cards per card region 2048
 CPUs: 2 total, 2 available
 Memory: 3927M
 Large Page Support: Disabled
 NUMA Support: Disabled
 Compressed Oops: Enabled (32-bit)
 Heap Region Size: 1M
 Heap Min Capacity: 8M
 Heap Initial Capacity: 62M
 Heap Max Capacity: 1G
 Pre-touch: Disabled
 Parallel Workers: 2
 Concurrent Workers: 1
 Concurrent Refinement Workers: 2
 Periodic GC: Disabled
 String Deduplication is enabled

Heap:
 garbage-first heap   total 63488K, used 2516K [0x00000000c0000000, 0x0000000100000000)
  region size 1024K, 2 young (2048K), 1 survivors (1024K)
 Metaspace       used 2761K, committed 2944K, reserved 1114112K
  class space    used 264K, committed 320K, reserved 1048576K

Heap Regions: E=young(eden), S=young(survivor), O=old, HS=humongous(starts), HC=humongous(continues), CS=collection set, F=free, OA=open archive, CA=closed archive, TAMS=top-at-mark-start (previous, next)
|   0|0x00000000c0000000, 0x00000000c0100000, 0x00000000c0100000|100%| O|  |TAMS 0x00000000c0000000, 0x00000000c0000000| Untracked 
|   1|0x00000000c0100000, 0x00000000c0175200, 0x00000000c0200000| 45%| O|  |TAMS 0x00000000c0100000, 0x00000000c0100000| Untracked 
|   2|0x00000000c0200000, 0x00000000c0200000, 0x00000000c0300000|  0%| F|  |TAMS 0x00000000c0200000, 0x00000000c0200000| Untracked 
|   3|0x00000000c0300000, 0x00000000c0300000, 0x00000000c0400000|  0%| F|  |TAMS 0x00000000c0300000, 0x00000000c0300000| Untracked 
|   4|0x00000000c0400000, 0x00000000c0400000, 0x00000000c0500000|  0%| F|  |TAMS 0x00000000c0400000, 0x00000000c0400000| Untracked 
|   5|0x00000000c0500000, 0x00000000c0500000, 0x00000000c0600000|  0%| F|  |TAMS 0x00000000c0500000, 0x00000000c0500000| Untracked 
|   6|0x00000000c0600000, 0x00000000c0600000, 0x00000000c0700000|  0%| F|  |TAMS 0x00000000c0600000, 0x00000000c0600000| Untracked 
|   7|0x00000000c0700000, 0x00000000c0700000, 0x00000000c0800000|  0%| F|  |TAMS 0x00000000c0700000, 0x00000000c0700000| Untracked 
|   8|0x00000000c0800000, 0x00000000c0800000, 0x00000000c0900000|  0%| F|  |TAMS 0x00000000c0800000, 0x00000000c0800000| Untracked 
|   9|0x00000000c0900000, 0x00000000c0900000, 0x00000000c0a00000|  0%| F|  |TAMS 0x00000000c0900000, 0x00000000c0900000| Untracked 
|  10|0x00000000c0a00000, 0x00000000c0a00000, 0x00000000c0b00000|  0%| F|  |TAMS 0x00000000c0a00000, 0x00000000c0a00000| Untracked 
|  11|0x00000000c0b00000, 0x00000000c0b00000, 0x00000000c0c00000|  0%| F|  |TAMS 0x00000000c0b00000, 0x00000000c0b00000| Untracked 
|  12|0x00000000c0c00000, 0x00000000c0c00000, 0x00000000c0d00000|  0%| F|  |TAMS 0x00000000c0c00000, 0x00000000c0c00000| Untracked 
|  13|0x00000000c0d00000, 0x00000000c0d00000, 0x00000000c0e00000|  0%| F|  |TAMS 0x00000000c0d00000, 0x00000000c0d00000| Untracked 
|  14|0x00000000c0e00000, 0x00000000c0e00000, 0x00000000c0f00000|  0%| F|  |TAMS 0x00000000c0e00000, 0x00000000c0e00000| Untracked 
|  15|0x00000000c0f00000, 0x00000000c0f00000, 0x00000000c1000000|  0%| F|  |TAMS 0x00000000c0f00000, 0x00000000c0f00000| Untracked 
|  16|0x00000000c1000000, 0x00000000c1000000, 0x00000000c1100000|  0%| F|  |TAMS 0x00000000c1000000, 0x00000000c1000000| Untracked 
|  17|0x00000000c1100000, 0x00000000c1100000, 0x00000000c1200000|  0%| F|  |TAMS 0x00000000c1100000, 0x00000000c1100000| Untracked 
|  18|0x00000000c1200000, 0x00000000c1200000, 0x00000000c1300000|  0%| F|  |TAMS 0x00000000c1200000, 0x00000000c1200000| Untracked 
|  19|0x00000000c1300000, 0x00000000c1300000, 0x00000000c1400000|  0%| F|  |TAMS 0x00000000c1300000, 0x00000000c1300000| Untracked 
|  20|0x00000000c1400000, 0x00000000c1400000, 0x00000000c1500000|  0%| F|  |TAMS 0x00000000c1400000, 0x00000000c1400000| Untracked 
|  21|0x00000000c1500000, 0x00000000c1500000, 0x00000000c1600000|  0%| F|  |TAMS 0x00000000c1500000, 0x00000000c1500000| Untracked 
|  22|0x00000000c1600000, 0x00000000c1600000, 0x00000000c1700000|  0%| F|  |TAMS 0x00000000c1600000, 0x00000000c1600000| Untracked 
|  23|0x00000000c1700000, 0x00000000c1700000, 0x00000000c1800000|  0%| F|  |TAMS 0x00000000c1700000, 0x00000000c1700000| Untracked 
|  24|0x00000000c1800000, 0x00000000c1800000, 0x00000000c1900000|  0%| F|  |TAMS 0x00000000c1800000, 0x00000000c1800000| Untracked 
|  25|0x00000000c1900000, 0x00000000c1900000, 0x00000000c1a00000|  0%| F|  |TAMS 0x00000000c1900000, 0x00000000c1900000| Untracked 
|  26|0x00000000c1a00000, 0x00000000c1a00000, 0x00000000c1b00000|  0%| F|  |TAMS 0x00000000c1a00000, 0x00000000c1a00000| Untracked 
|  27|0x00000000c1b00000, 0x00000000c1b00000, 0x00000000c1c00000|  0%| F|  |TAMS 0x00000000c1b00000, 0x00000000c1b00000| Untracked 
|  28|0x00000000c1c00000, 0x00000000c1c00000, 0x00000000c1d00000|  0%| F|  |TAMS 0x00000000c1c00000, 0x00000000c1c00000| Untracked 
|  29|0x00000000c1d00000, 0x00000000c1d00000, 0x00000000c1e00000|  0%| F|  |TAMS 0x00000000c1d00000, 0x00000000c1d00000| Untracked 
|  30|0x00000000c1e00000, 0x00000000c1e00000, 0x00000000c1f00000|  0%| F|  |TAMS 0x00000000c1e00000, 0x00000000c1e00000| Untracked 
|  31|0x00000000c1f00000, 0x00000000c1f00000, 0x00000000c2000000|  0%| F|  |TAMS 0x00000000c1f00000, 0x00000000c1f00000| Untracked 
|  32|0x00000000c2000000, 0x00000000c2000000, 0x00000000c2100000|  0%| F|  |TAMS 0x00000000c2000000, 0x00000000c2000000| Untracked 
|  33|0x00000000c2100000, 0x00000000c2100000, 0x00000000c2200000|  0%| F|  |TAMS 0x00000000c2100000, 0x00000000c2100000| Untracked 
|  34|0x00000000c2200000, 0x00000000c2200000, 0x00000000c2300000|  0%| F|  |TAMS 0x00000000c2200000, 0x00000000c2200000| Untracked 
|  35|0x00000000c2300000, 0x00000000c2300000, 0x00000000c2400000|  0%| F|  |TAMS 0x00000000c2300000, 0x00000000c2300000| Untracked 
|  36|0x00000000c2400000, 0x00000000c2400000, 0x00000000c2500000|  0%| F|  |TAMS 0x00000000c2400000, 0x00000000c2400000| Untracked 
|  37|0x00000000c2500000, 0x00000000c2500000, 0x00000000c2600000|  0%| F|  |TAMS 0x00000000c2500000, 0x00000000c2500000| Untracked 
|  38|0x00000000c2600000, 0x00000000c2600000, 0x00000000c2700000|  0%| F|  |TAMS 0x00000000c2600000, 0x00000000c2600000| Untracked 
|  39|0x00000000c2700000, 0x00000000c2700000, 0x00000000c2800000|  0%| F|  |TAMS 0x00000000c2700000, 0x00000000c2700000| Untracked 
|  40|0x00000000c2800000, 0x00000000c2800000, 0x00000000c2900000|  0%| F|  |TAMS 0x00000000c2800000, 0x00000000c2800000| Untracked 
|  41|0x00000000c2900000, 0x00000000c2900000, 0x00000000c2a00000|  0%| F|  |TAMS 0x00000000c2900000, 0x00000000c2900000| Untracked 
|  42|0x00000000c2a00000, 0x00000000c2a00000, 0x00000000c2b00000|  0%| F|  |TAMS 0x00000000c2a00000, 0x00000000c2a00000| Untracked 
|  43|0x00000000c2b00000, 0x00000000c2b00000, 0x00000000c2c00000|  0%| F|  |TAMS 0x00000000c2b00000, 0x00000000c2b00000| Untracked 
|  44|0x00000000c2c00000, 0x00000000c2c00000, 0x00000000c2d00000|  0%| F|  |TAMS 0x00000000c2c00000, 0x00000000c2c00000| Untracked 
|  45|0x00000000c2d00000, 0x00000000c2d00000, 0x00000000c2e00000|  0%| F|  |TAMS 0x00000000c2d00000, 0x00000000c2d00000| Untracked 
|  46|0x00000000c2e00000, 0x00000000c2e00000, 0x00000000c2f00000|  0%| F|  |TAMS 0x00000000c2e00000, 0x00000000c2e00000| Untracked 
|  47|0x00000000c2f00000, 0x00000000c2f00000, 0x00000000c3000000|  0%| F|  |TAMS 0x00000000c2f00000, 0x00000000c2f00000| Untracked 
|  48|0x00000000c3000000, 0x00000000c3000000, 0x00000000c3100000|  0%| F|  |TAMS 0x00000000c3000000, 0x00000000c3000000| Untracked 
|  49|0x00000000c3100000, 0x00000000c3100000, 0x00000000c3200000|  0%| F|  |TAMS 0x00000000c3100000, 0x00000000c3100000| Untracked 
|  50|0x00000000c3200000, 0x00000000c3200000, 0x00000000c3300000|  0%| F|  |TAMS 0x00000000c3200000, 0x00000000c3200000| Untracked 
|  51|0x00000000c3300000, 0x00000000c3300000, 0x00000000c3400000|  0%| F|  |TAMS 0x00000000c3300000, 0x00000000c3300000| Untracked 
|  52|0x00000000c3400000, 0x00000000c3400000, 0x00000000c3500000|  0%| F|  |TAMS 0x00000000c3400000, 0x00000000c3400000| Untracked 
|  53|0x00000000c3500000, 0x00000000c3500000, 0x00000000c3600000|  0%| F|  |TAMS 0x00000000c3500000, 0x00000000c3500000| Untracked 
|  54|0x00000000c3600000, 0x00000000c3600000, 0x00000000c3700000|  0%| F|  |TAMS 0x00000000c3600000, 0x00000000c3600000| Untracked 
|  55|0x00000000c3700000, 0x00000000c3800000, 0x00000000c3800000|100%| S|CS|TAMS 0x00000000c3700000, 0x00000000c3700000| Complete 
|  56|0x00000000c3800000, 0x00000000c3800000, 0x00000000c3900000|  0%| F|  |TAMS 0x00000000c3800000, 0x00000000c3800000| Untracked 
|  57|0x00000000c3900000, 0x00000000c3900000, 0x00000000c3a00000|  0%| F|  |TAMS 0x00000000c3900000, 0x00000000c3900000| Untracked 
|  58|0x00000000c3a00000, 0x00000000c3a00000, 0x00000000c3b00000|  0%| F|  |TAMS 0x00000000c3a00000, 0x00000000c3a00000| Untracked 
|  59|0x00000000c3b00000, 0x00000000c3b00000, 0x00000000c3c00000|  0%| F|  |TAMS 0x00000000c3b00000, 0x00000000c3b00000| Untracked 
|  60|0x00000000c3c00000, 0x00000000c3c00000, 0x00000000c3d00000|  0%| F|  |TAMS 0x00000000c3c00000, 0x00000000c3c00000| Untracked 
|  61|0x00000000c3d00000, 0x00000000c3dccd98, 0x00000000c3e00000| 80%| E|  |TAMS 0x00000000c3d00000, 0x00000000c3d00000| Complete 

Card table byte_map: [0x0000021e7b9f0000,0x0000021e7bbf0000] _byte_map_base: 0x0000021e7b3f0000

Marking Bits (Prev, Next): (CMBitMap*) 0x0000021e67559040, (CMBitMap*) 0x0000021e67559080
 Prev Bits: [0x0000021e7bdf0000, 0x0000021e7cdf0000)
 Next Bits: [0x0000021e7cdf0000, 0x0000021e7ddf0000)

Polling page: 0x0000021e65490000

Metaspace:

Usage:
  Non-class:      2.44 MB used.
      Class:    264.87 KB used.
       Both:      2.70 MB used.

Virtual space:
  Non-class space:       64.00 MB reserved,       2.56 MB (  4%) committed,  1 nodes.
      Class space:        1.00 GB reserved,     320.00 KB ( <1%) committed,  1 nodes.
             Both:        1.06 GB reserved,       2.88 MB ( <1%) committed. 

Chunk freelists:
   Non-Class:  3.80 MB
       Class:  3.72 MB
        Both:  7.53 MB

MaxMetaspaceSize: unlimited
CompressedClassSpaceSize: 1.00 GB
Initial GC threshold: 21.00 MB
Current GC threshold: 21.00 MB
CDS: on
MetaspaceReclaimPolicy: balanced
 - commit_granule_bytes: 65536.
 - commit_granule_words: 8192.
 - virtual_space_node_default_size: 8388608.
 - enlarge_chunks_in_place: 1.
 - new_chunks_are_fully_committed: 0.
 - uncommit_free_chunks: 1.
 - use_allocation_guard: 0.


Internal statistics:

num_allocs_failed_limit: 0.
num_arena_births: 28.
num_arena_deaths: 0.
num_vsnodes_births: 2.
num_vsnodes_deaths: 0.
num_space_committed: 46.
num_space_uncommitted: 0.
num_chunks_returned_to_freelist: 0.
num_chunks_taken_from_freelist: 40.
num_chunk_merges: 0.
num_chunk_splits: 27.
num_chunks_enlarged: 20.
num_inconsistent_stats: 0.

CodeHeap 'non-profiled nmethods': size=120064Kb used=165Kb max_used=165Kb free=119898Kb
 bounds [0x0000021e744b0000, 0x0000021e74720000, 0x0000021e7b9f0000]
CodeHeap 'profiled nmethods': size=120000Kb used=879Kb max_used=879Kb free=119121Kb
 bounds [0x0000021e6c9f0000, 0x0000021e6cc60000, 0x0000021e73f20000]
CodeHeap 'non-nmethods': size=5696Kb used=1226Kb max_used=1242Kb free=4469Kb
 bounds [0x0000021e73f20000, 0x0000021e74190000, 0x0000021e744b0000]
 total_blobs=977 nmethods=546 adapters=343
 compilation: enabled
              stopped_count=0, restarted_count=0
 full_count=0

Compilation events (20 events):
Event: 0.974 Thread 0x0000021e001806d0 nmethod 536 0x0000021e6cabf990 code [0x0000021e6cabfca0, 0x0000021e6cac0b48]
Event: 0.974 Thread 0x0000021e001806d0  538       2       java.lang.invoke.VarHandleByteArrayAsInts$ArrayHandle::set (39 bytes)
Event: 0.975 Thread 0x0000021e001806d0 nmethod 538 0x0000021e6cac1410 code [0x0000021e6cac15c0, 0x0000021e6cac17a8]
Event: 0.975 Thread 0x0000021e001806d0  539       2       jdk.internal.misc.Unsafe::putIntUnaligned (79 bytes)
Event: 0.976 Thread 0x0000021e001806d0 nmethod 539 0x0000021e6cac1910 code [0x0000021e6cac1ac0, 0x0000021e6cac1cd8]
Event: 0.985 Thread 0x0000021e001806d0  540       2       java.lang.ClassLoader::checkName (37 bytes)
Event: 0.986 Thread 0x0000021e001806d0 nmethod 540 0x0000021e6cac1d90 code [0x0000021e6cac1f60, 0x0000021e6cac2278]
Event: 0.987 Thread 0x0000021e001806d0  541       2       java.lang.invoke.MethodTypeForm::canonicalize (59 bytes)
Event: 0.988 Thread 0x0000021e001806d0 nmethod 541 0x0000021e6cac2490 code [0x0000021e6cac2660, 0x0000021e6cac2848]
Event: 0.989 Thread 0x0000021e001806d0  542       2       java.lang.invoke.MethodType$ConcurrentWeakInternSet::add (66 bytes)
Event: 0.990 Thread 0x0000021e001806d0 nmethod 542 0x0000021e6cac2990 code [0x0000021e6cac2ba0, 0x0000021e6cac3188]
Event: 0.996 Thread 0x0000021e001806d0  546       2       java.lang.reflect.Modifier::isStatic (13 bytes)
Event: 0.996 Thread 0x0000021e001806d0 nmethod 546 0x0000021e6cac3490 code [0x0000021e6cac3620, 0x0000021e6cac3718]
Event: 0.997 Thread 0x0000021e001806d0  548       2       java.lang.invoke.MemberName::getMethodOrFieldType (72 bytes)
Event: 0.999 Thread 0x0000021e001806d0 nmethod 548 0x0000021e6cac3790 code [0x0000021e6cac3a20, 0x0000021e6cac4008]
Event: 0.999 Thread 0x0000021e001806d0  549       2       jdk.internal.org.objectweb.asm.ByteVector::put12 (64 bytes)
Event: 1.000 Thread 0x0000021e001806d0 nmethod 549 0x0000021e6cac4310 code [0x0000021e6cac44c0, 0x0000021e6cac46a8]
Event: 1.001 Thread 0x0000021e001806d0  552       2       java.lang.invoke.LambdaForm::argument (27 bytes)
Event: 1.002 Thread 0x0000021e001806d0 nmethod 552 0x0000021e6cac4810 code [0x0000021e6cac49c0, 0x0000021e6cac4bc8]
Event: 1.002 Thread 0x0000021e001806d0  553       2       java.lang.invoke.MethodType::genericMethodType (95 bytes)

GC Heap History (2 events):
Event: 0.872 GC heap before
{Heap before GC invocations=0 (full 0):
 garbage-first heap   total 63488K, used 5120K [0x00000000c0000000, 0x0000000100000000)
  region size 1024K, 6 young (6144K), 0 survivors (0K)
 Metaspace       used 2590K, committed 2752K, reserved 1114112K
  class space    used 249K, committed 320K, reserved 1048576K
}
Event: 0.883 GC heap after
{Heap after GC invocations=1 (full 0):
 garbage-first heap   total 63488K, used 2516K [0x00000000c0000000, 0x0000000100000000)
  region size 1024K, 1 young (1024K), 1 survivors (1024K)
 Metaspace       used 2590K, committed 2752K, reserved 1114112K
  class space    used 249K, committed 320K, reserved 1048576K
}

Dll operation events (6 events):
Event: 0.017 Loaded shared library C:\Users\LEO\.pydev_vscode\java19\jdk-19.0.2+7-jre\bin\java.dll
Event: 0.041 Loaded shared library C:\Users\LEO\.pydev_vscode\java19\jdk-19.0.2+7-jre\bin\jsvml.dll
Event: 0.276 Loaded shared library C:\Users\LEO\.pydev_vscode\java19\jdk-19.0.2+7-jre\bin\net.dll
Event: 0.281 Loaded shared library C:\Users\LEO\.pydev_vscode\java19\jdk-19.0.2+7-jre\bin\nio.dll
Event: 0.291 Loaded shared library C:\Users\LEO\.pydev_vscode\java19\jdk-19.0.2+7-jre\bin\zip.dll
Event: 0.557 Loaded shared library C:\Users\LEO\.pydev_vscode\java19\jdk-19.0.2+7-jre\bin\jimage.dll

Deoptimization events (20 events):
Event: 0.368 Thread 0x0000021e67514ff0 Uncommon trap: trap_request=0xffffff45 fr.pc=0x0000021e744be948 relative=0x00000000000008a8
Event: 0.368 Thread 0x0000021e67514ff0 Uncommon trap: reason=unstable_if action=reinterpret pc=0x0000021e744be948 method=java.util.HashMap.putVal(ILjava/lang/Object;Ljava/lang/Object;ZZ)Ljava/lang/Object; @ 181 c2
Event: 0.369 Thread 0x0000021e67514ff0 DEOPT PACKING pc=0x0000021e744be948 sp=0x00000035481fdc80
Event: 0.369 Thread 0x0000021e67514ff0 DEOPT UNPACKING pc=0x0000021e73f86d9d sp=0x00000035481fdc30 mode 2
Event: 0.772 Thread 0x0000021e67514ff0 Uncommon trap: trap_request=0xffffff45 fr.pc=0x0000021e744c70c4 relative=0x0000000000000284
Event: 0.772 Thread 0x0000021e67514ff0 Uncommon trap: reason=unstable_if action=reinterpret pc=0x0000021e744c70c4 method=java.lang.CharacterDataLatin1.digit(II)I @ 12 c2
Event: 0.772 Thread 0x0000021e67514ff0 DEOPT PACKING pc=0x0000021e744c70c4 sp=0x00000035481feea0
Event: 0.772 Thread 0x0000021e67514ff0 DEOPT UNPACKING pc=0x0000021e73f86d9d sp=0x00000035481fecd0 mode 2
Event: 0.773 Thread 0x0000021e67514ff0 DEOPT PACKING pc=0x0000021e6ca6fbc6 sp=0x00000035481fe0a0
Event: 0.773 Thread 0x0000021e67514ff0 DEOPT UNPACKING pc=0x0000021e73f87524 sp=0x00000035481fd4f8 mode 0
Event: 0.854 Thread 0x0000021e67514ff0 DEOPT PACKING pc=0x0000021e6ca7a016 sp=0x00000035481fe8e0
Event: 0.854 Thread 0x0000021e67514ff0 DEOPT UNPACKING pc=0x0000021e73f87524 sp=0x00000035481fddb8 mode 0
Event: 0.862 Thread 0x0000021e67514ff0 DEOPT PACKING pc=0x0000021e6ca25c57 sp=0x00000035481fe8c0
Event: 0.862 Thread 0x0000021e67514ff0 DEOPT UNPACKING pc=0x0000021e73f87524 sp=0x00000035481fdd40 mode 0
Event: 0.863 Thread 0x0000021e67514ff0 DEOPT PACKING pc=0x0000021e6ca25c57 sp=0x00000035481fe8c0
Event: 0.863 Thread 0x0000021e67514ff0 DEOPT UNPACKING pc=0x0000021e73f87524 sp=0x00000035481fdd40 mode 0
Event: 0.864 Thread 0x0000021e67514ff0 DEOPT PACKING pc=0x0000021e6ca25c57 sp=0x00000035481fe8c0
Event: 0.864 Thread 0x0000021e67514ff0 DEOPT UNPACKING pc=0x0000021e73f87524 sp=0x00000035481fdd40 mode 0
Event: 0.865 Thread 0x0000021e67514ff0 DEOPT PACKING pc=0x0000021e6ca25c57 sp=0x00000035481fe8c0
Event: 0.865 Thread 0x0000021e67514ff0 DEOPT UNPACKING pc=0x0000021e73f87524 sp=0x00000035481fdd40 mode 0

Classes loaded (20 events):
Event: 0.788 Loading class java/net/URLClassLoader$1
Event: 0.789 Loading class java/net/URLClassLoader$1 done
Event: 0.883 Loading class java/util/concurrent/locks/AbstractQueuedSynchronizer$ExclusiveNode
Event: 0.884 Loading class java/util/concurrent/locks/AbstractQueuedSynchronizer$ExclusiveNode done
Event: 0.945 Loading class java/io/FilePermission$1
Event: 0.945 Loading class jdk/internal/access/JavaIOFilePermissionAccess
Event: 0.945 Loading class jdk/internal/access/JavaIOFilePermissionAccess done
Event: 0.945 Loading class java/io/FilePermission$1 done
Event: 0.947 Loading class java/io/FilePermissionCollection
Event: 0.947 Loading class java/io/FilePermissionCollection done
Event: 0.947 Loading class java/io/FilePermissionCollection$1
Event: 0.947 Loading class java/io/FilePermissionCollection$1 done
Event: 0.956 Loading class java/util/EventListener
Event: 0.956 Loading class java/util/EventListener done
Event: 0.961 Loading class java/lang/InterruptedException
Event: 0.961 Loading class java/lang/InterruptedException done
Event: 0.967 Loading class java/util/concurrent/Semaphore
Event: 0.968 Loading class java/util/concurrent/Semaphore done
Event: 0.978 Loading class java/util/EventObject
Event: 0.978 Loading class java/util/EventObject done

Classes unloaded (0 events):
No events

Classes redefined (0 events):
No events

Internal exceptions (7 events):
Event: 0.194 Thread 0x0000021e67514ff0 Exception <a 'java/lang/NoSuchMethodError'{0x00000000c3df7a10}: 'void java.lang.invoke.DirectMethodHandle$Holder.invokeStatic(java.lang.Object, java.lang.Object, java.lang.Object)'> (0x00000000c3df7a10) 
thrown [s\src\hotspot\share\interpreter\linkResolver.cpp, line 774]
Event: 0.697 Thread 0x0000021e67514ff0 Exception <a 'java/lang/ClassNotFoundException'{0x00000000c3a7cb70}: sun/net/www/protocol/c/Handler> (0x00000000c3a7cb70) 
thrown [s\src\hotspot\share\classfile\systemDictionary.cpp, line 255]
Event: 0.712 Thread 0x0000021e67514ff0 Exception <a 'java/io/FileNotFoundException'{0x00000000c3a83770}> (0x00000000c3a83770) 
thrown [s\src\hotspot\share\prims\jni.cpp, line 517]
Event: 0.713 Thread 0x0000021e67514ff0 Exception <a 'java/io/FileNotFoundException'{0x00000000c3a84770}> (0x00000000c3a84770) 
thrown [s\src\hotspot\share\prims\jni.cpp, line 517]
Event: 0.714 Thread 0x0000021e67514ff0 Exception <a 'java/io/FileNotFoundException'{0x00000000c3a85760}> (0x00000000c3a85760) 
thrown [s\src\hotspot\share\prims\jni.cpp, line 517]
Event: 0.714 Thread 0x0000021e67514ff0 Exception <a 'java/io/FileNotFoundException'{0x00000000c3a865b0}> (0x00000000c3a865b0) 
thrown [s\src\hotspot\share\prims\jni.cpp, line 517]
Event: 0.736 Thread 0x0000021e67514ff0 Exception <a 'java/io/FileNotFoundException'{0x00000000c3aa6118}> (0x00000000c3aa6118) 
thrown [s\src\hotspot\share\prims\jni.cpp, line 517]

VM Operations (4 events):
Event: 0.202 Executing VM operation: HandshakeAllThreads
Event: 0.202 Executing VM operation: HandshakeAllThreads done
Event: 0.871 Executing VM operation: G1CollectForAllocation
Event: 0.883 Executing VM operation: G1CollectForAllocation done

Events (12 events):
Event: 0.042 Thread 0x0000021e67514ff0 Thread added: 0x0000021e67514ff0
Event: 0.080 Thread 0x0000021e0012d450 Thread added: 0x0000021e0012d450
Event: 0.080 Thread 0x0000021e001302f0 Thread added: 0x0000021e001302f0
Event: 0.082 Thread 0x0000021e00135850 Thread added: 0x0000021e00135850
Event: 0.082 Thread 0x0000021e0013bdc0 Thread added: 0x0000021e0013bdc0
Event: 0.082 Thread 0x0000021e0013ce90 Thread added: 0x0000021e0013ce90
Event: 0.082 Thread 0x0000021e0013d900 Thread added: 0x0000021e0013d900
Event: 0.082 Thread 0x0000021e001416c0 Thread added: 0x0000021e001416c0
Event: 0.084 Thread 0x0000021e001806d0 Thread added: 0x0000021e001806d0
Event: 0.087 Thread 0x0000021e001c66e0 Thread added: 0x0000021e001c66e0
Event: 0.165 Thread 0x0000021e001fe910 Thread added: 0x0000021e001fe910
Event: 0.262 Thread 0x0000021e044e74b0 Thread added: 0x0000021e044e74b0


Dynamic libraries:
0x00007ff7f3610000 - 0x00007ff7f361e000 	C:\Users\LEO\.pydev_vscode\java19\jdk-19.0.2+7-jre\bin\java.exe
0x00007ffeef450000 - 0x00007ffeef648000 	C:\WINDOWS\SYSTEM32\ntdll.dll
0x00007ffeee310000 - 0x00007ffeee3d2000 	C:\WINDOWS\System32\KERNEL32.DLL
0x00007ffeecfa0000 - 0x00007ffeed296000 	C:\WINDOWS\System32\KERNELBASE.dll
0x00007ffeecd90000 - 0x00007ffeece90000 	C:\WINDOWS\System32\ucrtbase.dll
0x00007ffecb3b0000 - 0x00007ffecb3c7000 	C:\Users\LEO\.pydev_vscode\java19\jdk-19.0.2+7-jre\bin\jli.dll
0x00007ffeeded0000 - 0x00007ffeee06d000 	C:\WINDOWS\System32\USER32.dll
0x00007ffeecf70000 - 0x00007ffeecf92000 	C:\WINDOWS\System32\win32u.dll
0x00007ffeedb30000 - 0x00007ffeedb5b000 	C:\WINDOWS\System32\GDI32.dll
0x00007ffeed2d0000 - 0x00007ffeed3e9000 	C:\WINDOWS\System32\gdi32full.dll
0x00007ffeecb90000 - 0x00007ffeecc2d000 	C:\WINDOWS\System32\msvcp_win.dll
0x00007ffecb390000 - 0x00007ffecb3a9000 	C:\Users\LEO\.pydev_vscode\java19\jdk-19.0.2+7-jre\bin\VCRUNTIME140.dll
0x00007ffede190000 - 0x00007ffede42a000 	C:\WINDOWS\WinSxS\amd64_microsoft.windows.common-controls_6595b64144ccf1df_6.0.19041.5915_none_60b4b9d171f9c7c7\COMCTL32.dll
0x00007ffeeda90000 - 0x00007ffeedb2e000 	C:\WINDOWS\System32\msvcrt.dll
0x00007ffeeda60000 - 0x00007ffeeda8f000 	C:\WINDOWS\System32\IMM32.DLL
0x00007ffee6180000 - 0x00007ffee618c000 	C:\Users\LEO\.pydev_vscode\java19\jdk-19.0.2+7-jre\bin\vcruntime140_1.dll
0x00007ffeafdf0000 - 0x00007ffeafe81000 	C:\Users\LEO\.pydev_vscode\java19\jdk-19.0.2+7-jre\bin\msvcp140.dll
0x00007ffea9620000 - 0x00007ffeaa311000 	C:\Users\LEO\.pydev_vscode\java19\jdk-19.0.2+7-jre\bin\server\jvm.dll
0x00007ffeee0e0000 - 0x00007ffeee191000 	C:\WINDOWS\System32\ADVAPI32.dll
0x00007ffeee1a0000 - 0x00007ffeee23f000 	C:\WINDOWS\System32\sechost.dll
0x00007ffeedb60000 - 0x00007ffeedc83000 	C:\WINDOWS\System32\RPCRT4.dll
0x00007ffeed2a0000 - 0x00007ffeed2c7000 	C:\WINDOWS\System32\bcrypt.dll
0x00007ffee6000000 - 0x00007ffee6009000 	C:\WINDOWS\SYSTEM32\WSOCK32.dll
0x00007ffeee070000 - 0x00007ffeee0db000 	C:\WINDOWS\System32\WS2_32.dll
0x00007ffebe480000 - 0x00007ffebe4a7000 	C:\WINDOWS\SYSTEM32\WINMM.dll
0x00007ffee5370000 - 0x00007ffee537a000 	C:\WINDOWS\SYSTEM32\VERSION.dll
0x00007ffeea900000 - 0x00007ffeea912000 	C:\WINDOWS\SYSTEM32\kernel.appcore.dll
0x00007ffede9c0000 - 0x00007ffede9ca000 	C:\Users\LEO\.pydev_vscode\java19\jdk-19.0.2+7-jre\bin\jimage.dll
0x00007ffee5c00000 - 0x00007ffee5e01000 	C:\WINDOWS\SYSTEM32\DBGHELP.DLL
0x00007ffee5ba0000 - 0x00007ffee5bd4000 	C:\WINDOWS\SYSTEM32\dbgcore.DLL
0x00007ffeece90000 - 0x00007ffeecf12000 	C:\WINDOWS\System32\bcryptPrimitives.dll
0x00007ffec9990000 - 0x00007ffec99b6000 	C:\Users\LEO\.pydev_vscode\java19\jdk-19.0.2+7-jre\bin\java.dll
0x00007ffeac650000 - 0x00007ffeac726000 	C:\Users\LEO\.pydev_vscode\java19\jdk-19.0.2+7-jre\bin\jsvml.dll
0x00007ffeee920000 - 0x00007ffeef08e000 	C:\WINDOWS\System32\SHELL32.dll
0x00007ffeeab00000 - 0x00007ffeeb2a4000 	C:\WINDOWS\SYSTEM32\windows.storage.dll
0x00007ffeed540000 - 0x00007ffeed893000 	C:\WINDOWS\System32\combase.dll
0x00007ffeec430000 - 0x00007ffeec45b000 	C:\WINDOWS\SYSTEM32\Wldp.dll
0x00007ffeee3e0000 - 0x00007ffeee4ad000 	C:\WINDOWS\System32\OLEAUT32.dll
0x00007ffeed470000 - 0x00007ffeed51d000 	C:\WINDOWS\System32\SHCORE.dll
0x00007ffeee2b0000 - 0x00007ffeee30b000 	C:\WINDOWS\System32\shlwapi.dll
0x00007ffeeca10000 - 0x00007ffeeca35000 	C:\WINDOWS\SYSTEM32\profapi.dll
0x00007ffec9970000 - 0x00007ffec9983000 	C:\Users\LEO\.pydev_vscode\java19\jdk-19.0.2+7-jre\bin\net.dll
0x00007ffedcb10000 - 0x00007ffedcc1a000 	C:\WINDOWS\SYSTEM32\WINHTTP.dll
0x00007ffeec210000 - 0x00007ffeec27a000 	C:\WINDOWS\system32\mswsock.dll
0x00007ffec9950000 - 0x00007ffec9966000 	C:\Users\LEO\.pydev_vscode\java19\jdk-19.0.2+7-jre\bin\nio.dll
0x00007ffec4960000 - 0x00007ffec4978000 	C:\Users\LEO\.pydev_vscode\java19\jdk-19.0.2+7-jre\bin\zip.dll

dbghelp: loaded successfully - version: 4.0.5 - missing functions: none
symbol engine: initialized successfully - sym options: 0x614 - pdb path: .;C:\Users\LEO\.pydev_vscode\java19\jdk-19.0.2+7-jre\bin;C:\WINDOWS\SYSTEM32;C:\WINDOWS\WinSxS\amd64_microsoft.windows.common-controls_6595b64144ccf1df_6.0.19041.5915_none_60b4b9d171f9c7c7;C:\Users\LEO\.pydev_vscode\java19\jdk-19.0.2+7-jre\bin\server

VM Arguments:
jvm_args: --add-modules=ALL-SYSTEM --add-opens=java.base/java.util=ALL-UNNAMED --add-opens=java.base/java.lang=ALL-UNNAMED -Declipse.application=org.python.pydev.pydev_lsp.application -Dosgi.bundles.defaultStartLevel=4 -Declipse.product=org.python.pydev.pydev_lsp.product -Xmx1G -XX:+UseG1GC -XX:+UseStringDeduplication 
java_command: c:\Users\LEO\.vscode\extensions\fabioz.vscode-pydev-0.15.2\server\plugins\org.eclipse.equinox.launcher_1.6.700.v20240213-1244.jar -configuration c:\Users\LEO\.vscode\extensions\fabioz.vscode-pydev-0.15.2\server\config_win -data c:\Users\LEO\AppData\Roaming\Code\User\workspaceStorage\4f7ca437acc81770fa021e41fc307c30\fabioz.vscode-pydev\pydev_ws
java_class_path (initial): c:\Users\LEO\.vscode\extensions\fabioz.vscode-pydev-0.15.2\server\plugins\org.eclipse.equinox.launcher_1.6.700.v20240213-1244.jar
Launcher Type: SUN_STANDARD

[Global flags]
     intx CICompilerCount                          = 2                                         {product} {ergonomic}
     uint ConcGCThreads                            = 1                                         {product} {ergonomic}
     uint G1ConcRefinementThreads                  = 2                                         {product} {ergonomic}
   size_t G1HeapRegionSize                         = 1048576                                   {product} {ergonomic}
    uintx GCDrainStackTargetSize                   = 64                                        {product} {ergonomic}
   size_t InitialHeapSize                          = 65011712                                  {product} {ergonomic}
   size_t MarkStackSize                            = 4194304                                   {product} {ergonomic}
   size_t MaxHeapSize                              = 1073741824                                {product} {command line}
   size_t MaxNewSize                               = 643825664                                 {product} {ergonomic}
   size_t MinHeapDeltaBytes                        = 1048576                                   {product} {ergonomic}
   size_t MinHeapSize                              = 8388608                                   {product} {ergonomic}
    uintx NonNMethodCodeHeapSize                   = 5826188                                {pd product} {ergonomic}
    uintx NonProfiledCodeHeapSize                  = 122916026                              {pd product} {ergonomic}
    uintx ProfiledCodeHeapSize                     = 122916026                              {pd product} {ergonomic}
    uintx ReservedCodeCacheSize                    = 251658240                              {pd product} {ergonomic}
     bool SegmentedCodeCache                       = true                                      {product} {ergonomic}
   size_t SoftMaxHeapSize                          = 1073741824                             {manageable} {ergonomic}
     bool UseCompressedClassPointers               = true                           {product lp64_product} {ergonomic}
     bool UseCompressedOops                        = true                           {product lp64_product} {ergonomic}
     bool UseG1GC                                  = true                                      {product} {command line}
     bool UseLargePagesIndividualAllocation        = false                                  {pd product} {ergonomic}
     bool UseStringDeduplication                   = true                                      {product} {command line}

Logging:
Log output configuration:
 #0: stdout all=warning uptime,level,tags foldmultilines=false
 #1: stderr all=off uptime,level,tags foldmultilines=false

Environment Variables:
PATH=C:\WINDOWS\system32;C:\WINDOWS;C:\WINDOWS\System32\Wbem;C:\WINDOWS\System32\WindowsPowerShell\v1.0\;C:\WINDOWS\System32\OpenSSH\;C:\Program Files\Intel\TXE Components\DAL\;C:\Program Files (x86)\Intel\TXE Components\DAL\;C:\WINDOWS\system32;C:\WINDOWS;C:\WINDOWS\System32\Wbem;C:\WINDOWS\System32\WindowsPowerShell\v1.0\;C:\WINDOWS\System32\OpenSSH\;C:\Recovery\OEM\Backup\;C:\Program Files\PuTTY\;C:\Program Files\Git\cmd;C:\Program Files\Docker\Docker\resources\bin;C:\Program Files (x86)\Go\bin;E:\Program Files\;C:\Users\LEO\AppData\Local\Microsoft\WindowsApps;C:\Users\LEO\AppData\Local\GitHubDesktop\bin;C:\Users\LEO\AppData\Local\Programs\Microsoft VS Code\bin;C:\Users\LEO\.dotnet\tools;C:\Users\LEO\go\bin
USERNAME=LEO
OS=Windows_NT
PROCESSOR_IDENTIFIER=Intel64 Family 6 Model 92 Stepping 9, GenuineIntel
TMP=C:\Users\LEO\AppData\Local\Temp
TEMP=C:\Users\LEO\AppData\Local\Temp



---------------  S Y S T E M  ---------------

OS:
 Windows 10 , 64 bit Build 19041 (10.0.19041.5915)
OS uptime: 0 days 8:44 hours
Hyper-V role detected

CPU: total 2 (initial active 2) (2 cores per cpu, 1 threads per core) family 6 model 92 stepping 9 microcode 0x38, cx8, cmov, fxsr, mmx, 3dnowpref, sse, sse2, sse3, ssse3, sse4.1, sse4.2, popcnt, tsc, tscinvbit, aes, erms, clmul, sha, clflush, clflushopt, hv, rdtscp

Memory: 4k page, system-wide physical 3927M (614M free)
TotalPageFile size 8379M (AvailPageFile size 5M)
current process WorkingSet (physical memory assigned to process): 49M, peak: 49M
current process commit charge ("private bytes"): 136M, peak: 136M

vm_info: OpenJDK 64-Bit Server VM (19.0.2+7) for windows-amd64 JRE (19.0.2+7), built on 2023-01-17T00:00:00Z by "temurin" with MS VC++ 16.7 (VS2019)

END.
