#
# There is insufficient memory for the Java Runtime Environment to continue.
# Native memory allocation (malloc) failed to allocate 381408 bytes for Chunk::new
# Possible reasons:
#   The system is out of physical RAM or swap space
#   The process is running with CompressedOops enabled, and the Java Heap may be blocking the growth of the native heap
# Possible solutions:
#   Reduce memory load on the system
#   Increase physical memory or swap space
#   Check if swap backing store is full
#   Decrease Java heap size (-Xmx/-Xms)
#   Decrease number of Java threads
#   Decrease Java thread stack sizes (-Xss)
#   Set larger code cache with -XX:ReservedCodeCacheSize=
#   JVM is running with Unscaled Compressed Oops mode in which the Java heap is
#     placed in the first 4GB address space. The Java Heap base address is the
#     maximum limit for the native heap growth. Please use -XX:HeapBaseMinAddress
#     to set the Java Heap base and to place the Java Heap above 4GB virtual address.
# This output file may be truncated or incomplete.
#
#  Out of Memory Error (arena.cpp:184), pid=11448, tid=9116
#
# JRE version: OpenJDK Runtime Environment Temurin-19.0.2+7 (19.0.2+7) (build 19.0.2+7)
# Java VM: OpenJDK 64-Bit Server VM Temurin-19.0.2+7 (19.0.2+7, mixed mode, sharing, tiered, compressed oops, compressed class ptrs, g1 gc, windows-amd64)
# No core dump will be written. Minidumps are not enabled by default on client versions of Windows
#

---------------  S U M M A R Y ------------

Command Line: --add-modules=ALL-SYSTEM --add-opens=java.base/java.util=ALL-UNNAMED --add-opens=java.base/java.lang=ALL-UNNAMED -Declipse.application=org.python.pydev.pydev_lsp.application -Dosgi.bundles.defaultStartLevel=4 -Declipse.product=org.python.pydev.pydev_lsp.product -Xmx1G -XX:+UseG1GC -XX:+UseStringDeduplication c:\Users\LEO\.vscode\extensions\fabioz.vscode-pydev-0.15.2\server\plugins\org.eclipse.equinox.launcher_1.6.700.v20240213-1244.jar -configuration c:\Users\LEO\.vscode\extensions\fabioz.vscode-pydev-0.15.2\server\config_win -data c:\Users\LEO\AppData\Roaming\Code\User\workspaceStorage\4f7ca437acc81770fa021e41fc307c30\fabioz.vscode-pydev\pydev_ws

Host: Intel(R) Celeron(R) CPU N3350 @ 1.10GHz, 2 cores, 3G,  Windows 10 , 64 bit Build 19041 (10.0.19041.5915)
Time: Thu Jun 12 18:33:36 2025 Paris, Madrid (heure duild 19041 (10.0.19041.5915) elapsed time: 2.307888 seconds (0d 0h 0m 2s)

---------------  T H R E A D  ---------------

Current thread (0x0000021319caff20):  JavaThread "C2 CompilerThread0" daemon [_thread_in_native, id=9116, stack(0x0000007221a00000,0x0000007221b00000)]


Current CompileTask:
C2:   2308  913   !   4       java.lang.String::<init> (884 bytes)

Stack: [0x0000007221a00000,0x0000007221b00000]
Native frames: (J=compiled Java code, j=interpreted, Vv=VM code, C=native code)
V  [jvm.dll+0x6e9e1a]
V  [jvm.dll+0x8a36c0]
V  [jvm.dll+0x8a50ae]
V  [jvm.dll+0x8a5763]
V  [jvm.dll+0x27bcdf]
V  [jvm.dll+0xc221f]
V  [jvm.dll+0xc2595]
V  [jvm.dll+0x3b7d9b]
V  [jvm.dll+0x3815f1]
V  [jvm.dll+0x380a9a]
V  [jvm.dll+0x2452db]
V  [jvm.dll+0x244671]
V  [jvm.dll+0x1cf4b1]
V  [jvm.dll+0x254229]
V  [jvm.dll+0x252418]
V  [jvm.dll+0x85403d]
V  [jvm.dll+0x84de3a]
V  [jvm.dll+0x6e8abb]
C  [ucrtbase.dll+0x21bb2]
C  [KERNEL32.DLL+0x17374]
C  [ntdll.dll+0x4cc91]


---------------  P R O C E S S  ---------------

Threads class SMR info:
_java_thread_list=0x000002131e189c80, length=12, elements={
0x000002137fd768a0, 0x0000021319c7c6f0, 0x0000021319c7f590, 0x0000021319c83f90,
0x0000021319c8a660, 0x0000021319cab220, 0x0000021319cabc90, 0x0000021319caff20,
0x0000021319cfcd90, 0x0000021319d22ee0, 0x000002137fe1c3d0, 0x000002131e18a080
}

Java Threads: ( => current thread )
  0x000002137fd768a0 JavaThread "main" [_thread_in_vm, id=5188, stack(0x0000007220c00000,0x0000007220d00000)]
  0x0000021319c7c6f0 JavaThread "Reference Handler" daemon [_thread_blocked, id=12220, stack(0x0000007221400000,0x0000007221500000)]
  0x0000021319c7f590 JavaThread "Finalizer" daemon [_thread_blocked, id=508, stack(0x0000007221500000,0x0000007221600000)]
  0x0000021319c83f90 JavaThread "Signal Dispatcher" daemon [_thread_blocked, id=11316, stack(0x0000007221600000,0x0000007221700000)]
  0x0000021319c8a660 JavaThread "Attach Listener" daemon [_thread_blocked, id=9436, stack(0x0000007221700000,0x0000007221800000)]
  0x0000021319cab220 JavaThread "Service Thread" daemon [_thread_blocked, id=3824, stack(0x0000007221800000,0x0000007221900000)]
  0x0000021319cabc90 JavaThread "Monitor Deflation Thread" daemon [_thread_blocked, id=3504, stack(0x0000007221900000,0x0000007221a00000)]
=>0x0000021319caff20 JavaThread "C2 CompilerThread0" daemon [_thread_in_native, id=9116, stack(0x0000007221a00000,0x0000007221b00000)]
  0x0000021319cfcd90 JavaThread "C1 CompilerThread0" daemon [_thread_blocked, id=6580, stack(0x0000007221b00000,0x0000007221c00000)]
  0x0000021319d22ee0 JavaThread "Sweeper thread" daemon [_thread_blocked, id=5184, stack(0x0000007221c00000,0x0000007221d00000)]
  0x000002137fe1c3d0 JavaThread "Common-Cleaner" daemon [_thread_blocked, id=532, stack(0x0000007221d00000,0x0000007221e00000)]
  0x000002131e18a080 JavaThread "Notification Thread" daemon [_thread_blocked, id=8676, stack(0x0000007221e00000,0x0000007221f00000)]

Other Threads:
  0x000002137fe34c70 VMThread "VM Thread" [stack: 0x0000007221300000,0x0000007221400000] [id=3016]
  0x000002131e18b1e0 WatcherThread "VM Periodic Task Thread" [stack: 0x0000007221f00000,0x0000007222000000] [id=3656]
  0x000002137fdb8580 WorkerThread "GC Thread#0" [stack: 0x0000007220d00000,0x0000007220e00000] [id=5636]
  0x000002131e3eee90 WorkerThread "GC Thread#1" [stack: 0x0000007222000000,0x0000007222100000] [id=8432]
  0x000002137fdc13f0 ConcurrentGCThread "G1 Main Marker" [stack: 0x0000007220e00000,0x0000007220f00000] [id=5108]
  0x000002137fdc1ed0 WorkerThread "G1 Conc#0" [stack: 0x0000007220f00000,0x0000007221000000] [id=11804]
  0x000002137fe08590 ConcurrentGCThread "G1 Refine#0" [stack: 0x0000007221000000,0x0000007221100000] [id=8520]
  0x000002137fe09180 ConcurrentGCThread "G1 Service" [stack: 0x0000007221100000,0x0000007221200000] [id=9332]
  0x000002137fe2fbd0 ConcurrentGCThread "StringDedupProcessor" [stack: 0x0000007221200000,0x0000007221300000] [id=5368]

Threads with active compile tasks:
C2 CompilerThread0     2391  913   !   4       java.lang.String::<init> (884 bytes)

VM state: not at safepoint (normal execution)

VM Mutex/Monitor currently owned by a thread: None

Heap address: 0x00000000c0000000, size: 1024 MB, Compressed Oops mode: 32-bit

CDS archive(s) mapped at: [0x0000000800000000-0x0000000800ad0000-0x0000000800ad0000), size 11337728, SharedBaseAddress: 0x0000000800000000, ArchiveRelocationMode: 0.
Compressed class space mapped at: 0x0000000800c00000-0x0000000840c00000, reserved size: 1073741824
Narrow klass base: 0x0000000800000000, Narrow klass shift: 0, Narrow klass range: 0x100000000

GC Precious Log:
 CardTable entry size: 512
 Card Set container configuration: InlinePtr #cards 5 size 8 Array Of Cards #cards 12 size 40 Howl #buckets 4 coarsen threshold 1843 Howl Bitmap #cards 512 size 80 coarsen threshold 460 Card regions per heap region 1 cards per card region 2048
 CPUs: 2 total, 2 available
 Memory: 3927M
 Large Page Support: Disabled
 NUMA Support: Disabled
 Compressed Oops: Enabled (32-bit)
 Heap Region Size: 1M
 Heap Min Capacity: 8M
 Heap Initial Capacity: 62M
 Heap Max Capacity: 1G
 Pre-touch: Disabled
 Parallel Workers: 2
 Concurrent Workers: 1
 Concurrent Refinement Workers: 2
 Periodic GC: Disabled
 String Deduplication is enabled

Heap:
 garbage-first heap   total 63488K, used 7016K [0x00000000c0000000, 0x0000000100000000)
  region size 1024K, 6 young (6144K), 1 survivors (1024K)
 Metaspace       used 4752K, committed 4992K, reserved 1114112K
  class space    used 465K, committed 576K, reserved 1048576K

Heap Regions: E=young(eden), S=young(survivor), O=old, HS=humongous(starts), HC=humongous(continues), CS=collection set, F=free, OA=open archive, CA=closed archive, TAMS=top-at-mark-start (previous, next)
|   0|0x00000000c0000000, 0x00000000c0100000, 0x00000000c0100000|100%| O|  |TAMS 0x00000000c0000000, 0x00000000c0000000| Untracked 
|   1|0x00000000c0100000, 0x00000000c0200000, 0x00000000c0200000|100%| O|  |TAMS 0x00000000c0100000, 0x00000000c0100000| Untracked 
|   2|0x00000000c0200000, 0x00000000c02da200, 0x00000000c0300000| 85%| O|  |TAMS 0x00000000c0200000, 0x00000000c0200000| Untracked 
|   3|0x00000000c0300000, 0x00000000c0300000, 0x00000000c0400000|  0%| F|  |TAMS 0x00000000c0300000, 0x00000000c0300000| Untracked 
|   4|0x00000000c0400000, 0x00000000c0400000, 0x00000000c0500000|  0%| F|  |TAMS 0x00000000c0400000, 0x00000000c0400000| Untracked 
|   5|0x00000000c0500000, 0x00000000c0500000, 0x00000000c0600000|  0%| F|  |TAMS 0x00000000c0500000, 0x00000000c0500000| Untracked 
|   6|0x00000000c0600000, 0x00000000c0600000, 0x00000000c0700000|  0%| F|  |TAMS 0x00000000c0600000, 0x00000000c0600000| Untracked 
|   7|0x00000000c0700000, 0x00000000c0700000, 0x00000000c0800000|  0%| F|  |TAMS 0x00000000c0700000, 0x00000000c0700000| Untracked 
|   8|0x00000000c0800000, 0x00000000c0800000, 0x00000000c0900000|  0%| F|  |TAMS 0x00000000c0800000, 0x00000000c0800000| Untracked 
|   9|0x00000000c0900000, 0x00000000c0900000, 0x00000000c0a00000|  0%| F|  |TAMS 0x00000000c0900000, 0x00000000c0900000| Untracked 
|  10|0x00000000c0a00000, 0x00000000c0a00000, 0x00000000c0b00000|  0%| F|  |TAMS 0x00000000c0a00000, 0x00000000c0a00000| Untracked 
|  11|0x00000000c0b00000, 0x00000000c0b00000, 0x00000000c0c00000|  0%| F|  |TAMS 0x00000000c0b00000, 0x00000000c0b00000| Untracked 
|  12|0x00000000c0c00000, 0x00000000c0c00000, 0x00000000c0d00000|  0%| F|  |TAMS 0x00000000c0c00000, 0x00000000c0c00000| Untracked 
|  13|0x00000000c0d00000, 0x00000000c0d00000, 0x00000000c0e00000|  0%| F|  |TAMS 0x00000000c0d00000, 0x00000000c0d00000| Untracked 
|  14|0x00000000c0e00000, 0x00000000c0e00000, 0x00000000c0f00000|  0%| F|  |TAMS 0x00000000c0e00000, 0x00000000c0e00000| Untracked 
|  15|0x00000000c0f00000, 0x00000000c0f00000, 0x00000000c1000000|  0%| F|  |TAMS 0x00000000c0f00000, 0x00000000c0f00000| Untracked 
|  16|0x00000000c1000000, 0x00000000c1000000, 0x00000000c1100000|  0%| F|  |TAMS 0x00000000c1000000, 0x00000000c1000000| Untracked 
|  17|0x00000000c1100000, 0x00000000c1100000, 0x00000000c1200000|  0%| F|  |TAMS 0x00000000c1100000, 0x00000000c1100000| Untracked 
|  18|0x00000000c1200000, 0x00000000c1200000, 0x00000000c1300000|  0%| F|  |TAMS 0x00000000c1200000, 0x00000000c1200000| Untracked 
|  19|0x00000000c1300000, 0x00000000c1300000, 0x00000000c1400000|  0%| F|  |TAMS 0x00000000c1300000, 0x00000000c1300000| Untracked 
|  20|0x00000000c1400000, 0x00000000c1400000, 0x00000000c1500000|  0%| F|  |TAMS 0x00000000c1400000, 0x00000000c1400000| Untracked 
|  21|0x00000000c1500000, 0x00000000c1500000, 0x00000000c1600000|  0%| F|  |TAMS 0x00000000c1500000, 0x00000000c1500000| Untracked 
|  22|0x00000000c1600000, 0x00000000c1600000, 0x00000000c1700000|  0%| F|  |TAMS 0x00000000c1600000, 0x00000000c1600000| Untracked 
|  23|0x00000000c1700000, 0x00000000c1700000, 0x00000000c1800000|  0%| F|  |TAMS 0x00000000c1700000, 0x00000000c1700000| Untracked 
|  24|0x00000000c1800000, 0x00000000c1800000, 0x00000000c1900000|  0%| F|  |TAMS 0x00000000c1800000, 0x00000000c1800000| Untracked 
|  25|0x00000000c1900000, 0x00000000c1900000, 0x00000000c1a00000|  0%| F|  |TAMS 0x00000000c1900000, 0x00000000c1900000| Untracked 
|  26|0x00000000c1a00000, 0x00000000c1a00000, 0x00000000c1b00000|  0%| F|  |TAMS 0x00000000c1a00000, 0x00000000c1a00000| Untracked 
|  27|0x00000000c1b00000, 0x00000000c1b00000, 0x00000000c1c00000|  0%| F|  |TAMS 0x00000000c1b00000, 0x00000000c1b00000| Untracked 
|  28|0x00000000c1c00000, 0x00000000c1c00000, 0x00000000c1d00000|  0%| F|  |TAMS 0x00000000c1c00000, 0x00000000c1c00000| Untracked 
|  29|0x00000000c1d00000, 0x00000000c1d00000, 0x00000000c1e00000|  0%| F|  |TAMS 0x00000000c1d00000, 0x00000000c1d00000| Untracked 
|  30|0x00000000c1e00000, 0x00000000c1e00000, 0x00000000c1f00000|  0%| F|  |TAMS 0x00000000c1e00000, 0x00000000c1e00000| Untracked 
|  31|0x00000000c1f00000, 0x00000000c1f00000, 0x00000000c2000000|  0%| F|  |TAMS 0x00000000c1f00000, 0x00000000c1f00000| Untracked 
|  32|0x00000000c2000000, 0x00000000c2000000, 0x00000000c2100000|  0%| F|  |TAMS 0x00000000c2000000, 0x00000000c2000000| Untracked 
|  33|0x00000000c2100000, 0x00000000c2100000, 0x00000000c2200000|  0%| F|  |TAMS 0x00000000c2100000, 0x00000000c2100000| Untracked 
|  34|0x00000000c2200000, 0x00000000c2200000, 0x00000000c2300000|  0%| F|  |TAMS 0x00000000c2200000, 0x00000000c2200000| Untracked 
|  35|0x00000000c2300000, 0x00000000c2300000, 0x00000000c2400000|  0%| F|  |TAMS 0x00000000c2300000, 0x00000000c2300000| Untracked 
|  36|0x00000000c2400000, 0x00000000c2400000, 0x00000000c2500000|  0%| F|  |TAMS 0x00000000c2400000, 0x00000000c2400000| Untracked 
|  37|0x00000000c2500000, 0x00000000c2500000, 0x00000000c2600000|  0%| F|  |TAMS 0x00000000c2500000, 0x00000000c2500000| Untracked 
|  38|0x00000000c2600000, 0x00000000c2600000, 0x00000000c2700000|  0%| F|  |TAMS 0x00000000c2600000, 0x00000000c2600000| Untracked 
|  39|0x00000000c2700000, 0x00000000c2700000, 0x00000000c2800000|  0%| F|  |TAMS 0x00000000c2700000, 0x00000000c2700000| Untracked 
|  40|0x00000000c2800000, 0x00000000c2800000, 0x00000000c2900000|  0%| F|  |TAMS 0x00000000c2800000, 0x00000000c2800000| Untracked 
|  41|0x00000000c2900000, 0x00000000c2900000, 0x00000000c2a00000|  0%| F|  |TAMS 0x00000000c2900000, 0x00000000c2900000| Untracked 
|  42|0x00000000c2a00000, 0x00000000c2a00000, 0x00000000c2b00000|  0%| F|  |TAMS 0x00000000c2a00000, 0x00000000c2a00000| Untracked 
|  43|0x00000000c2b00000, 0x00000000c2b00000, 0x00000000c2c00000|  0%| F|  |TAMS 0x00000000c2b00000, 0x00000000c2b00000| Untracked 
|  44|0x00000000c2c00000, 0x00000000c2c00000, 0x00000000c2d00000|  0%| F|  |TAMS 0x00000000c2c00000, 0x00000000c2c00000| Untracked 
|  45|0x00000000c2d00000, 0x00000000c2d00000, 0x00000000c2e00000|  0%| F|  |TAMS 0x00000000c2d00000, 0x00000000c2d00000| Untracked 
|  46|0x00000000c2e00000, 0x00000000c2e00000, 0x00000000c2f00000|  0%| F|  |TAMS 0x00000000c2e00000, 0x00000000c2e00000| Untracked 
|  47|0x00000000c2f00000, 0x00000000c2f00000, 0x00000000c3000000|  0%| F|  |TAMS 0x00000000c2f00000, 0x00000000c2f00000| Untracked 
|  48|0x00000000c3000000, 0x00000000c3000000, 0x00000000c3100000|  0%| F|  |TAMS 0x00000000c3000000, 0x00000000c3000000| Untracked 
|  49|0x00000000c3100000, 0x00000000c3100000, 0x00000000c3200000|  0%| F|  |TAMS 0x00000000c3100000, 0x00000000c3100000| Untracked 
|  50|0x00000000c3200000, 0x00000000c3200000, 0x00000000c3300000|  0%| F|  |TAMS 0x00000000c3200000, 0x00000000c3200000| Untracked 
|  51|0x00000000c3300000, 0x00000000c3300000, 0x00000000c3400000|  0%| F|  |TAMS 0x00000000c3300000, 0x00000000c3300000| Untracked 
|  52|0x00000000c3400000, 0x00000000c3400000, 0x00000000c3500000|  0%| F|  |TAMS 0x00000000c3400000, 0x00000000c3400000| Untracked 
|  53|0x00000000c3500000, 0x00000000c3500000, 0x00000000c3600000|  0%| F|  |TAMS 0x00000000c3500000, 0x00000000c3500000| Untracked 
|  54|0x00000000c3600000, 0x00000000c3600000, 0x00000000c3700000|  0%| F|  |TAMS 0x00000000c3600000, 0x00000000c3600000| Untracked 
|  55|0x00000000c3700000, 0x00000000c3700000, 0x00000000c3800000|  0%| F|  |TAMS 0x00000000c3700000, 0x00000000c3700000| Untracked 
|  56|0x00000000c3800000, 0x00000000c3886b30, 0x00000000c3900000| 52%| E|  |TAMS 0x00000000c3800000, 0x00000000c3800000| Complete 
|  57|0x00000000c3900000, 0x00000000c3a00000, 0x00000000c3a00000|100%| S|CS|TAMS 0x00000000c3900000, 0x00000000c3900000| Complete 
|  58|0x00000000c3a00000, 0x00000000c3b00000, 0x00000000c3b00000|100%| E|CS|TAMS 0x00000000c3a00000, 0x00000000c3a00000| Complete 
|  59|0x00000000c3b00000, 0x00000000c3c00000, 0x00000000c3c00000|100%| E|CS|TAMS 0x00000000c3b00000, 0x00000000c3b00000| Complete 
|  60|0x00000000c3c00000, 0x00000000c3d00000, 0x00000000c3d00000|100%| E|  |TAMS 0x00000000c3c00000, 0x00000000c3c00000| Complete 
|  61|0x00000000c3d00000, 0x00000000c3e00000, 0x00000000c3e00000|100%| E|CS|TAMS 0x00000000c3d00000, 0x00000000c3d00000| Complete 

Card table byte_map: [0x000002137fb40000,0x000002137fd40000] _byte_map_base: 0x000002137f540000

Marking Bits (Prev, Next): (CMBitMap*) 0x000002137fdb8ac0, (CMBitMap*) 0x000002137fdb8b00
 Prev Bits: [0x0000021315a20000, 0x0000021316a20000)
 Next Bits: [0x0000021316a20000, 0x0000021317a20000)

Polling page: 0x000002137f140000

Metaspace:

Usage:
  Non-class:      4.23 MB used.
      Class:    467.85 KB used.
       Both:      4.69 MB used.

Virtual space:
  Non-class space:       64.00 MB reserved,       4.31 MB (  7%) committed,  1 nodes.
      Class space:        1.00 GB reserved,     576.00 KB ( <1%) committed,  1 nodes.
             Both:        1.06 GB reserved,       4.88 MB ( <1%) committed. 

Chunk freelists:
   Non-Class:  2.75 MB
       Class:  3.47 MB
        Both:  6.22 MB

MaxMetaspaceSize: unlimited
CompressedClassSpaceSize: 1.00 GB
Initial GC threshold: 21.00 MB
Current GC threshold: 21.00 MB
CDS: on
MetaspaceReclaimPolicy: balanced
 - commit_granule_bytes: 65536.
 - commit_granule_words: 8192.
 - virtual_space_node_default_size: 8388608.
 - enlarge_chunks_in_place: 1.
 - new_chunks_are_fully_committed: 0.
 - uncommit_free_chunks: 1.
 - use_allocation_guard: 0.


Internal statistics:

num_allocs_failed_limit: 0.
num_arena_births: 100.
num_arena_deaths: 0.
num_vsnodes_births: 2.
num_vsnodes_deaths: 0.
num_space_committed: 78.
num_space_uncommitted: 0.
num_chunks_returned_to_freelist: 0.
num_chunks_taken_from_freelist: 163.
num_chunk_merges: 0.
num_chunk_splits: 111.
num_chunks_enlarged: 84.
num_inconsistent_stats: 0.

CodeHeap 'non-profiled nmethods': size=120064Kb used=325Kb max_used=325Kb free=119738Kb
 bounds [0x000002130e2e0000, 0x000002130e550000, 0x0000021315820000]
CodeHeap 'profiled nmethods': size=120000Kb used=1535Kb max_used=1535Kb free=118464Kb
 bounds [0x0000021306820000, 0x0000021306a90000, 0x000002130dd50000]
CodeHeap 'non-nmethods': size=5696Kb used=1237Kb max_used=1249Kb free=4458Kb
 bounds [0x000002130dd50000, 0x000002130dfc0000, 0x000002130e2e0000]
 total_blobs=1403 nmethods=957 adapters=358
 compilation: enabled
              stopped_count=0, restarted_count=0
 full_count=0

Compilation events (20 events):
Event: 2.174 Thread 0x0000021319cfcd90 nmethod 917 0x000002130697d910 code [0x000002130697dae0, 0x000002130697de28]
Event: 2.178 Thread 0x0000021319cfcd90  919       3       java.util.concurrent.locks.AbstractQueuedSynchronizer::compareAndSetState (13 bytes)
Event: 2.178 Thread 0x0000021319cfcd90 nmethod 919 0x000002130697df10 code [0x000002130697e0a0, 0x000002130697e1d8]
Event: 2.186 Thread 0x0000021319cfcd90  920       3       java.util.ArrayList::toArray (12 bytes)
Event: 2.187 Thread 0x0000021319cfcd90 nmethod 920 0x000002130697e290 code [0x000002130697e440, 0x000002130697e628]
Event: 2.193 Thread 0x0000021319cfcd90  921       3       java.util.concurrent.locks.ReentrantLock$NonfairSync::initialTryLock (58 bytes)
Event: 2.193 Thread 0x0000021319cfcd90 nmethod 921 0x000002130697e710 code [0x000002130697e900, 0x000002130697ed18]
Event: 2.194 Thread 0x0000021319cfcd90  922       3       jdk.internal.misc.InternalLock::lock (8 bytes)
Event: 2.195 Thread 0x0000021319cfcd90 nmethod 922 0x000002130697ee10 code [0x000002130697efe0, 0x000002130697f378]
Event: 2.195 Thread 0x0000021319cfcd90  923       3       jdk.internal.misc.InternalLock::unlock (8 bytes)
Event: 2.196 Thread 0x0000021319cfcd90 nmethod 923 0x000002130697f510 code [0x000002130697f6e0, 0x000002130697fa98]
Event: 2.196 Thread 0x0000021319cfcd90  924       3       java.io.BufferedInputStream::getBufIfOpen (21 bytes)
Event: 2.197 Thread 0x0000021319cfcd90 nmethod 924 0x000002130697fc10 code [0x000002130697fdc0, 0x000002130697ffc8]
Event: 2.197 Thread 0x0000021319cfcd90  925       3       java.io.WinNTFileSystem::isLetter (30 bytes)
Event: 2.197 Thread 0x0000021319cfcd90 nmethod 925 0x0000021306980090 code [0x0000021306980240, 0x0000021306980458]
Event: 2.198 Thread 0x0000021319cfcd90  926       3       java.io.WinNTFileSystem::normalize (224 bytes)
Event: 2.201 Thread 0x0000021319cfcd90 nmethod 926 0x0000021306980510 code [0x00000213069808e0, 0x00000213069823c8]
Event: 2.205 Thread 0x0000021319cfcd90  927       1       java.lang.String::value (5 bytes)
Event: 2.206 Thread 0x0000021319cfcd90 nmethod 927 0x000002130e330d90 code [0x000002130e330f20, 0x000002130e330fd8]
Event: 2.206 Thread 0x0000021319cfcd90  928   !   3       java.io.BufferedInputStream::read (54 bytes)

GC Heap History (4 events):
Event: 1.264 GC heap before
{Heap before GC invocations=0 (full 0):
 garbage-first heap   total 63488K, used 5120K [0x00000000c0000000, 0x0000000100000000)
  region size 1024K, 6 young (6144K), 0 survivors (0K)
 Metaspace       used 2588K, committed 2752K, reserved 1114112K
  class space    used 249K, committed 320K, reserved 1048576K
}
Event: 1.274 GC heap after
{Heap after GC invocations=1 (full 0):
 garbage-first heap   total 63488K, used 2448K [0x00000000c0000000, 0x0000000100000000)
  region size 1024K, 1 young (1024K), 1 survivors (1024K)
 Metaspace       used 2588K, committed 2752K, reserved 1114112K
  class space    used 249K, committed 320K, reserved 1048576K
}
Event: 1.591 GC heap before
{Heap before GC invocations=1 (full 0):
 garbage-first heap   total 63488K, used 5520K [0x00000000c0000000, 0x0000000100000000)
  region size 1024K, 5 young (5120K), 1 survivors (1024K)
 Metaspace       used 3193K, committed 3328K, reserved 1114112K
  class space    used 314K, committed 384K, reserved 1048576K
}
Event: 1.603 GC heap after
{Heap after GC invocations=2 (full 0):
 garbage-first heap   total 63488K, used 3944K [0x00000000c0000000, 0x0000000100000000)
  region size 1024K, 1 young (1024K), 1 survivors (1024K)
 Metaspace       used 3193K, committed 3328K, reserved 1114112K
  class space    used 314K, committed 384K, reserved 1048576K
}

Dll operation events (6 events):
Event: 0.021 Loaded shared library C:\Users\LEO\.pydev_vscode\java19\jdk-19.0.2+7-jre\bin\java.dll
Event: 0.052 Loaded shared library C:\Users\LEO\.pydev_vscode\java19\jdk-19.0.2+7-jre\bin\jsvml.dll
Event: 0.444 Loaded shared library C:\Users\LEO\.pydev_vscode\java19\jdk-19.0.2+7-jre\bin\net.dll
Event: 0.452 Loaded shared library C:\Users\LEO\.pydev_vscode\java19\jdk-19.0.2+7-jre\bin\nio.dll
Event: 0.477 Loaded shared library C:\Users\LEO\.pydev_vscode\java19\jdk-19.0.2+7-jre\bin\zip.dll
Event: 0.885 Loaded shared library C:\Users\LEO\.pydev_vscode\java19\jdk-19.0.2+7-jre\bin\jimage.dll

Deoptimization events (20 events):
Event: 1.586 Thread 0x000002137fd768a0 DEOPT PACKING pc=0x00000213068d9600 sp=0x0000007220cfdf10
Event: 1.586 Thread 0x000002137fd768a0 DEOPT UNPACKING pc=0x000002130ddb7524 sp=0x0000007220cfd380 mode 0
Event: 1.586 Thread 0x000002137fd768a0 DEOPT PACKING pc=0x00000213068d9600 sp=0x0000007220cfdf10
Event: 1.586 Thread 0x000002137fd768a0 DEOPT UNPACKING pc=0x000002130ddb7524 sp=0x0000007220cfd380 mode 0
Event: 1.587 Thread 0x000002137fd768a0 DEOPT PACKING pc=0x00000213068d9600 sp=0x0000007220cfdf10
Event: 1.587 Thread 0x000002137fd768a0 DEOPT UNPACKING pc=0x000002130ddb7524 sp=0x0000007220cfd380 mode 0
Event: 1.653 Thread 0x000002137fd768a0 Uncommon trap: trap_request=0xffffffde fr.pc=0x000002130e308ae0 relative=0x00000000000013a0
Event: 1.653 Thread 0x000002137fd768a0 Uncommon trap: reason=class_check action=maybe_recompile pc=0x000002130e308ae0 method=java.util.HashMap.putVal(ILjava/lang/Object;Ljava/lang/Object;ZZ)Ljava/lang/Object; @ 203 c2
Event: 1.653 Thread 0x000002137fd768a0 DEOPT PACKING pc=0x000002130e308ae0 sp=0x0000007220cfe290
Event: 1.654 Thread 0x000002137fd768a0 DEOPT UNPACKING pc=0x000002130ddb6d9d sp=0x0000007220cfe1e8 mode 2
Event: 1.655 Thread 0x000002137fd768a0 Uncommon trap: trap_request=0xffffffde fr.pc=0x000002130e308ae0 relative=0x00000000000013a0
Event: 1.655 Thread 0x000002137fd768a0 Uncommon trap: reason=class_check action=maybe_recompile pc=0x000002130e308ae0 method=java.util.HashMap.putVal(ILjava/lang/Object;Ljava/lang/Object;ZZ)Ljava/lang/Object; @ 203 c2
Event: 1.655 Thread 0x000002137fd768a0 DEOPT PACKING pc=0x000002130e308ae0 sp=0x0000007220cfe290
Event: 1.655 Thread 0x000002137fd768a0 DEOPT UNPACKING pc=0x000002130ddb6d9d sp=0x0000007220cfe1e8 mode 2
Event: 1.856 Thread 0x000002137fd768a0 Uncommon trap: trap_request=0xffffff45 fr.pc=0x000002130e31fff0 relative=0x0000000000000250
Event: 1.856 Thread 0x000002137fd768a0 Uncommon trap: reason=unstable_if action=reinterpret pc=0x000002130e31fff0 method=java.util.HashMap.hash(Ljava/lang/Object;)I @ 1 c2
Event: 1.856 Thread 0x000002137fd768a0 DEOPT PACKING pc=0x000002130e31fff0 sp=0x0000007220cfe8a0
Event: 1.856 Thread 0x000002137fd768a0 DEOPT UNPACKING pc=0x000002130ddb6d9d sp=0x0000007220cfe798 mode 2
Event: 1.870 Thread 0x000002137fd768a0 DEOPT PACKING pc=0x00000213068c228c sp=0x0000007220cfdb80
Event: 1.871 Thread 0x000002137fd768a0 DEOPT UNPACKING pc=0x000002130ddb7524 sp=0x0000007220cfd010 mode 0

Classes loaded (20 events):
Event: 2.134 Loading class sun/nio/ch/FileLockImpl
Event: 2.134 Loading class java/nio/channels/FileLock
Event: 2.135 Loading class java/nio/channels/FileLock done
Event: 2.135 Loading class sun/nio/ch/FileLockImpl done
Event: 2.135 Loading class sun/nio/ch/NativeThread
Event: 2.135 Loading class sun/nio/ch/NativeThread done
Event: 2.135 Loading class sun/nio/ch/FileLockTable
Event: 2.136 Loading class sun/nio/ch/FileLockTable done
Event: 2.136 Loading class sun/nio/ch/FileKey
Event: 2.136 Loading class sun/nio/ch/FileKey done
Event: 2.137 Loading class sun/nio/ch/FileLockTable$FileLockReference
Event: 2.137 Loading class sun/nio/ch/FileLockTable$FileLockReference done
Event: 2.140 Loading class java/util/function/IntUnaryOperator
Event: 2.141 Loading class java/util/function/IntUnaryOperator done
Event: 2.144 Loading class java/io/DeleteOnExitHook
Event: 2.144 Loading class java/io/DeleteOnExitHook done
Event: 2.144 Loading class java/io/DeleteOnExitHook$1
Event: 2.144 Loading class java/io/DeleteOnExitHook$1 done
Event: 2.149 Loading class java/util/ComparableTimSort
Event: 2.150 Loading class java/util/ComparableTimSort done

Classes unloaded (0 events):
No events

Classes redefined (0 events):
No events

Internal exceptions (20 events):
Event: 1.489 Thread 0x000002137fd768a0 Exception <a 'java/lang/NoSuchMethodError'{0x00000000c3c4b490}: 'java.lang.Object java.lang.invoke.DirectMethodHandle$Holder.invokeStatic(java.lang.Object, java.lang.Object, int)'> (0x00000000c3c4b490) 
thrown [s\src\hotspot\share\interpreter\linkResolver.cpp, line 774]
Event: 1.493 Thread 0x000002137fd768a0 Exception <a 'java/lang/NoSuchMethodError'{0x00000000c3c57460}: 'void java.lang.invoke.DelegatingMethodHandle$Holder.delegate(java.lang.Object, java.lang.Object, int, java.lang.Object)'> (0x00000000c3c57460) 
thrown [s\src\hotspot\share\interpreter\linkResolver.cpp, line 774]
Event: 1.498 Thread 0x000002137fd768a0 Exception <a 'java/lang/NoSuchMethodError'{0x00000000c3c5b5b8}: 'int java.lang.invoke.DirectMethodHandle$Holder.invokeSpecial(java.lang.Object, java.lang.Object, java.lang.Object)'> (0x00000000c3c5b5b8) 
thrown [s\src\hotspot\share\interpreter\linkResolver.cpp, line 774]
Event: 1.705 Thread 0x000002137fd768a0 Exception <a 'java/lang/ClassNotFoundException'{0x00000000c3db8ad0}: sun/net/www/protocol/c/Handler> (0x00000000c3db8ad0) 
thrown [s\src\hotspot\share\classfile\systemDictionary.cpp, line 255]
Event: 1.706 Thread 0x000002137fd768a0 Exception <a 'java/lang/ClassNotFoundException'{0x00000000c3db9e10}: sun/net/www/protocol/e/Handler> (0x00000000c3db9e10) 
thrown [s\src\hotspot\share\classfile\systemDictionary.cpp, line 255]
Event: 1.707 Thread 0x000002137fd768a0 Exception <a 'java/lang/ClassNotFoundException'{0x00000000c3dbaf68}: sun/net/www/protocol/c/Handler> (0x00000000c3dbaf68) 
thrown [s\src\hotspot\share\classfile\systemDictionary.cpp, line 255]
Event: 1.733 Thread 0x000002137fd768a0 Exception <a 'java/io/FileNotFoundException'{0x00000000c3dcdaf0}> (0x00000000c3dcdaf0) 
thrown [s\src\hotspot\share\prims\jni.cpp, line 517]
Event: 1.856 Thread 0x000002137fd768a0 Implicit null exception at 0x000002130e31fdec to 0x000002130e31ffd8
Event: 2.018 Thread 0x000002137fd768a0 Exception <a 'java/lang/NoSuchMethodError'{0x00000000c3ba9420}: 'long java.lang.invoke.DirectMethodHandle$Holder.invokeStatic(java.lang.Object, java.lang.Object, int)'> (0x00000000c3ba9420) 
thrown [s\src\hotspot\share\interpreter\linkResolver.cpp, line 774]
Event: 2.030 Thread 0x000002137fd768a0 Exception <a 'java/lang/NoSuchMethodError'{0x00000000c3bbc6a0}: 'java.lang.Object java.lang.invoke.DirectMethodHandle$Holder.invokeStatic(java.lang.Object, java.lang.Object, java.lang.Object, java.lang.Object, int)'> (0x00000000c3bbc6a0) 
thrown [s\src\hotspot\share\interpreter\linkResolver.cpp, line 774]
Event: 2.035 Thread 0x000002137fd768a0 Exception <a 'java/lang/NoSuchMethodError'{0x00000000c3bc4ab8}: 'java.lang.Object java.lang.invoke.DirectMethodHandle$Holder.invokeSpecial(java.lang.Object, java.lang.Object, java.lang.Object, java.lang.Object, long)'> (0x00000000c3bc4ab8) 
thrown [s\src\hotspot\share\interpreter\linkResolver.cpp, line 774]
Event: 2.042 Thread 0x000002137fd768a0 Exception <a 'java/lang/NoSuchMethodError'{0x00000000c3bd2c10}: 'java.lang.Object java.lang.invoke.DirectMethodHandle$Holder.invokeSpecial(java.lang.Object, java.lang.Object, java.lang.Object, int, java.lang.Object)'> (0x00000000c3bd2c10) 
thrown [s\src\hotspot\share\interpreter\linkResolver.cpp, line 774]
Event: 2.046 Thread 0x000002137fd768a0 Exception <a 'java/lang/NoSuchMethodError'{0x00000000c3bdb9f8}: 'int java.lang.invoke.DirectMethodHandle$Holder.invokeSpecial(java.lang.Object, java.lang.Object, java.lang.Object, int)'> (0x00000000c3bdb9f8) 
thrown [s\src\hotspot\share\interpreter\linkResolver.cpp, line 774]
Event: 2.057 Thread 0x000002137fd768a0 Exception <a 'java/lang/NoSuchMethodError'{0x00000000c3bf4570}: 'java.lang.Object java.lang.invoke.Invokers$Holder.invokeExact_MT(java.lang.Object, java.lang.Object, java.lang.Object, java.lang.Object, java.lang.Object, java.lang.Object)'> (0x00000000c3bf4570) 
thrown [s\src\hotspot\share\interpreter\linkResolver.cpp, line 774]
Event: 2.066 Thread 0x000002137fd768a0 Exception <a 'java/lang/NoSuchMethodError'{0x00000000c3a030c8}: 'int java.lang.invoke.DirectMethodHandle$Holder.invokeStaticInit(java.lang.Object, java.lang.Object, java.lang.Object, java.lang.Object)'> (0x00000000c3a030c8) 
thrown [s\src\hotspot\share\interpreter\linkResolver.cpp, line 774]
Event: 2.071 Thread 0x000002137fd768a0 Exception <a 'java/lang/NoSuchMethodError'{0x00000000c3a0cba8}: 'java.lang.Object java.lang.invoke.DirectMethodHandle$Holder.invokeInterface(java.lang.Object, java.lang.Object)'> (0x00000000c3a0cba8) 
thrown [s\src\hotspot\share\interpreter\linkResolver.cpp, line 774]
Event: 2.073 Thread 0x000002137fd768a0 Exception <a 'java/lang/IncompatibleClassChangeError'{0x00000000c3a103a8}: Found class java.lang.Object, but interface was expected> (0x00000000c3a103a8) 
thrown [s\src\hotspot\share\interpreter\linkResolver.cpp, line 841]
Event: 2.074 Thread 0x000002137fd768a0 Exception <a 'java/lang/NoSuchMethodError'{0x00000000c3a13380}: 'void java.lang.invoke.DirectMethodHandle$Holder.invokeStatic(java.lang.Object, java.lang.Object)'> (0x00000000c3a13380) 
thrown [s\src\hotspot\share\interpreter\linkResolver.cpp, line 774]
Event: 2.075 Thread 0x000002137fd768a0 Exception <a 'java/lang/NoSuchMethodError'{0x00000000c3a170d0}: 'void java.lang.invoke.DirectMethodHandle$Holder.invokeStaticInit(java.lang.Object, java.lang.Object)'> (0x00000000c3a170d0) 
thrown [s\src\hotspot\share\interpreter\linkResolver.cpp, line 774]
Event: 2.078 Thread 0x000002137fd768a0 Exception <a 'java/lang/NoSuchMethodError'{0x00000000c3a1cf60}: 'int java.lang.invoke.DirectMethodHandle$Holder.invokeStaticInit(java.lang.Object, java.lang.Object)'> (0x00000000c3a1cf60) 
thrown [s\src\hotspot\share\interpreter\linkResolver.cpp, line 774]

VM Operations (8 events):
Event: 0.320 Executing VM operation: HandshakeAllThreads
Event: 0.320 Executing VM operation: HandshakeAllThreads done
Event: 1.264 Executing VM operation: G1CollectForAllocation
Event: 1.274 Executing VM operation: G1CollectForAllocation done
Event: 1.591 Executing VM operation: G1CollectForAllocation
Event: 1.603 Executing VM operation: G1CollectForAllocation done
Event: 1.646 Executing VM operation: HandshakeAllThreads
Event: 1.646 Executing VM operation: HandshakeAllThreads done

Events (12 events):
Event: 0.052 Thread 0x000002137fd768a0 Thread added: 0x000002137fd768a0
Event: 0.093 Thread 0x0000021319c7c6f0 Thread added: 0x0000021319c7c6f0
Event: 0.093 Thread 0x0000021319c7f590 Thread added: 0x0000021319c7f590
Event: 0.095 Thread 0x0000021319c83f90 Thread added: 0x0000021319c83f90
Event: 0.095 Thread 0x0000021319c8a660 Thread added: 0x0000021319c8a660
Event: 0.095 Thread 0x0000021319cab220 Thread added: 0x0000021319cab220
Event: 0.095 Thread 0x0000021319cabc90 Thread added: 0x0000021319cabc90
Event: 0.096 Thread 0x0000021319caff20 Thread added: 0x0000021319caff20
Event: 0.097 Thread 0x0000021319cfcd90 Thread added: 0x0000021319cfcd90
Event: 0.099 Thread 0x0000021319d22ee0 Thread added: 0x0000021319d22ee0
Event: 0.265 Thread 0x000002137fe1c3d0 Thread added: 0x000002137fe1c3d0
Event: 0.385 Thread 0x000002131e18a080 Thread added: 0x000002131e18a080


Dynamic libraries:
0x00007ff7f3610000 - 0x00007ff7f361e000 	C:\Users\LEO\.pydev_vscode\java19\jdk-19.0.2+7-jre\bin\java.exe
0x00007ffeef450000 - 0x00007ffeef648000 	C:\WINDOWS\SYSTEM32\ntdll.dll
0x00007ffeee310000 - 0x00007ffeee3d2000 	C:\WINDOWS\System32\KERNEL32.DLL
0x00007ffeecfa0000 - 0x00007ffeed296000 	C:\WINDOWS\System32\KERNELBASE.dll
0x00007ffeecd90000 - 0x00007ffeece90000 	C:\WINDOWS\System32\ucrtbase.dll
0x00007ffecb3b0000 - 0x00007ffecb3c7000 	C:\Users\LEO\.pydev_vscode\java19\jdk-19.0.2+7-jre\bin\jli.dll
0x00007ffeeded0000 - 0x00007ffeee06d000 	C:\WINDOWS\System32\USER32.dll
0x00007ffeecf70000 - 0x00007ffeecf92000 	C:\WINDOWS\System32\win32u.dll
0x00007ffeedb30000 - 0x00007ffeedb5b000 	C:\WINDOWS\System32\GDI32.dll
0x00007ffeed2d0000 - 0x00007ffeed3e9000 	C:\WINDOWS\System32\gdi32full.dll
0x00007ffeecb90000 - 0x00007ffeecc2d000 	C:\WINDOWS\System32\msvcp_win.dll
0x00007ffecb390000 - 0x00007ffecb3a9000 	C:\Users\LEO\.pydev_vscode\java19\jdk-19.0.2+7-jre\bin\VCRUNTIME140.dll
0x00007ffede190000 - 0x00007ffede42a000 	C:\WINDOWS\WinSxS\amd64_microsoft.windows.common-controls_6595b64144ccf1df_6.0.19041.5915_none_60b4b9d171f9c7c7\COMCTL32.dll
0x00007ffeeda90000 - 0x00007ffeedb2e000 	C:\WINDOWS\System32\msvcrt.dll
0x00007ffeeda60000 - 0x00007ffeeda8f000 	C:\WINDOWS\System32\IMM32.DLL
0x00007ffee6180000 - 0x00007ffee618c000 	C:\Users\LEO\.pydev_vscode\java19\jdk-19.0.2+7-jre\bin\vcruntime140_1.dll
0x00007ffeafdf0000 - 0x00007ffeafe81000 	C:\Users\LEO\.pydev_vscode\java19\jdk-19.0.2+7-jre\bin\msvcp140.dll
0x00007ffea9620000 - 0x00007ffeaa311000 	C:\Users\LEO\.pydev_vscode\java19\jdk-19.0.2+7-jre\bin\server\jvm.dll
0x00007ffeee0e0000 - 0x00007ffeee191000 	C:\WINDOWS\System32\ADVAPI32.dll
0x00007ffeee1a0000 - 0x00007ffeee23f000 	C:\WINDOWS\System32\sechost.dll
0x00007ffeedb60000 - 0x00007ffeedc83000 	C:\WINDOWS\System32\RPCRT4.dll
0x00007ffeed2a0000 - 0x00007ffeed2c7000 	C:\WINDOWS\System32\bcrypt.dll
0x00007ffee6000000 - 0x00007ffee6009000 	C:\WINDOWS\SYSTEM32\WSOCK32.dll
0x00007ffeee070000 - 0x00007ffeee0db000 	C:\WINDOWS\System32\WS2_32.dll
0x00007ffebe480000 - 0x00007ffebe4a7000 	C:\WINDOWS\SYSTEM32\WINMM.dll
0x00007ffee5370000 - 0x00007ffee537a000 	C:\WINDOWS\SYSTEM32\VERSION.dll
0x00007ffeea900000 - 0x00007ffeea912000 	C:\WINDOWS\SYSTEM32\kernel.appcore.dll
0x00007ffede9c0000 - 0x00007ffede9ca000 	C:\Users\LEO\.pydev_vscode\java19\jdk-19.0.2+7-jre\bin\jimage.dll
0x00007ffee5c00000 - 0x00007ffee5e01000 	C:\WINDOWS\SYSTEM32\DBGHELP.DLL
0x00007ffee5ba0000 - 0x00007ffee5bd4000 	C:\WINDOWS\SYSTEM32\dbgcore.DLL
0x00007ffeece90000 - 0x00007ffeecf12000 	C:\WINDOWS\System32\bcryptPrimitives.dll
0x00007ffec9990000 - 0x00007ffec99b6000 	C:\Users\LEO\.pydev_vscode\java19\jdk-19.0.2+7-jre\bin\java.dll
0x00007ffeac650000 - 0x00007ffeac726000 	C:\Users\LEO\.pydev_vscode\java19\jdk-19.0.2+7-jre\bin\jsvml.dll
0x00007ffeee920000 - 0x00007ffeef08e000 	C:\WINDOWS\System32\SHELL32.dll
0x00007ffeeab00000 - 0x00007ffeeb2a4000 	C:\WINDOWS\SYSTEM32\windows.storage.dll
0x00007ffeed540000 - 0x00007ffeed893000 	C:\WINDOWS\System32\combase.dll
0x00007ffeec430000 - 0x00007ffeec45b000 	C:\WINDOWS\SYSTEM32\Wldp.dll
0x00007ffeee3e0000 - 0x00007ffeee4ad000 	C:\WINDOWS\System32\OLEAUT32.dll
0x00007ffeed470000 - 0x00007ffeed51d000 	C:\WINDOWS\System32\SHCORE.dll
0x00007ffeee2b0000 - 0x00007ffeee30b000 	C:\WINDOWS\System32\shlwapi.dll
0x00007ffeeca10000 - 0x00007ffeeca35000 	C:\WINDOWS\SYSTEM32\profapi.dll
0x00007ffec9970000 - 0x00007ffec9983000 	C:\Users\LEO\.pydev_vscode\java19\jdk-19.0.2+7-jre\bin\net.dll
0x00007ffedcb10000 - 0x00007ffedcc1a000 	C:\WINDOWS\SYSTEM32\WINHTTP.dll
0x00007ffeec210000 - 0x00007ffeec27a000 	C:\WINDOWS\system32\mswsock.dll
0x00007ffec9950000 - 0x00007ffec9966000 	C:\Users\LEO\.pydev_vscode\java19\jdk-19.0.2+7-jre\bin\nio.dll
0x00007ffec4960000 - 0x00007ffec4978000 	C:\Users\LEO\.pydev_vscode\java19\jdk-19.0.2+7-jre\bin\zip.dll

dbghelp: loaded successfully - version: 4.0.5 - missing functions: none
symbol engine: initialized successfully - sym options: 0x614 - pdb path: .;C:\Users\LEO\.pydev_vscode\java19\jdk-19.0.2+7-jre\bin;C:\WINDOWS\SYSTEM32;C:\WINDOWS\WinSxS\amd64_microsoft.windows.common-controls_6595b64144ccf1df_6.0.19041.5915_none_60b4b9d171f9c7c7;C:\Users\LEO\.pydev_vscode\java19\jdk-19.0.2+7-jre\bin\server

VM Arguments:
jvm_args: --add-modules=ALL-SYSTEM --add-opens=java.base/java.util=ALL-UNNAMED --add-opens=java.base/java.lang=ALL-UNNAMED -Declipse.application=org.python.pydev.pydev_lsp.application -Dosgi.bundles.defaultStartLevel=4 -Declipse.product=org.python.pydev.pydev_lsp.product -Xmx1G -XX:+UseG1GC -XX:+UseStringDeduplication 
java_command: c:\Users\LEO\.vscode\extensions\fabioz.vscode-pydev-0.15.2\server\plugins\org.eclipse.equinox.launcher_1.6.700.v20240213-1244.jar -configuration c:\Users\LEO\.vscode\extensions\fabioz.vscode-pydev-0.15.2\server\config_win -data c:\Users\LEO\AppData\Roaming\Code\User\workspaceStorage\4f7ca437acc81770fa021e41fc307c30\fabioz.vscode-pydev\pydev_ws
java_class_path (initial): c:\Users\LEO\.vscode\extensions\fabioz.vscode-pydev-0.15.2\server\plugins\org.eclipse.equinox.launcher_1.6.700.v20240213-1244.jar
Launcher Type: SUN_STANDARD

[Global flags]
     intx CICompilerCount                          = 2                                         {product} {ergonomic}
     uint ConcGCThreads                            = 1                                         {product} {ergonomic}
     uint G1ConcRefinementThreads                  = 2                                         {product} {ergonomic}
   size_t G1HeapRegionSize                         = 1048576                                   {product} {ergonomic}
    uintx GCDrainStackTargetSize                   = 64                                        {product} {ergonomic}
   size_t InitialHeapSize                          = 65011712                                  {product} {ergonomic}
   size_t MarkStackSize                            = 4194304                                   {product} {ergonomic}
   size_t MaxHeapSize                              = 1073741824                                {product} {command line}
   size_t MaxNewSize                               = 643825664                                 {product} {ergonomic}
   size_t MinHeapDeltaBytes                        = 1048576                                   {product} {ergonomic}
   size_t MinHeapSize                              = 8388608                                   {product} {ergonomic}
    uintx NonNMethodCodeHeapSize                   = 5826188                                {pd product} {ergonomic}
    uintx NonProfiledCodeHeapSize                  = 122916026                              {pd product} {ergonomic}
    uintx ProfiledCodeHeapSize                     = 122916026                              {pd product} {ergonomic}
    uintx ReservedCodeCacheSize                    = 251658240                              {pd product} {ergonomic}
     bool SegmentedCodeCache                       = true                                      {product} {ergonomic}
   size_t SoftMaxHeapSize                          = 1073741824                             {manageable} {ergonomic}
     bool UseCompressedClassPointers               = true                           {product lp64_product} {ergonomic}
     bool UseCompressedOops                        = true                           {product lp64_product} {ergonomic}
     bool UseG1GC                                  = true                                      {product} {command line}
     bool UseLargePagesIndividualAllocation        = false                                  {pd product} {ergonomic}
     bool UseStringDeduplication                   = true                                      {product} {command line}

Logging:
Log output configuration:
 #0: stdout all=warning uptime,level,tags foldmultilines=false
 #1: stderr all=off uptime,level,tags foldmultilines=false

Environment Variables:
PATH=C:\WINDOWS\system32;C:\WINDOWS;C:\WINDOWS\System32\Wbem;C:\WINDOWS\System32\WindowsPowerShell\v1.0\;C:\WINDOWS\System32\OpenSSH\;C:\Program Files\Intel\TXE Components\DAL\;C:\Program Files (x86)\Intel\TXE Components\DAL\;C:\WINDOWS\system32;C:\WINDOWS;C:\WINDOWS\System32\Wbem;C:\WINDOWS\System32\WindowsPowerShell\v1.0\;C:\WINDOWS\System32\OpenSSH\;C:\Recovery\OEM\Backup\;C:\Program Files\PuTTY\;C:\Program Files\Git\cmd;C:\Program Files\Docker\Docker\resources\bin;C:\Program Files (x86)\Go\bin;E:\Program Files\;C:\Users\LEO\AppData\Local\Microsoft\WindowsApps;C:\Users\LEO\AppData\Local\GitHubDesktop\bin;C:\Users\LEO\AppData\Local\Programs\Microsoft VS Code\bin;C:\Users\LEO\.dotnet\tools;C:\Users\LEO\go\bin
USERNAME=LEO
OS=Windows_NT
PROCESSOR_IDENTIFIER=Intel64 Family 6 Model 92 Stepping 9, GenuineIntel
TMP=C:\Users\LEO\AppData\Local\Temp
TEMP=C:\Users\LEO\AppData\Local\Temp



---------------  S Y S T E M  ---------------

OS:
 Windows 10 , 64 bit Build 19041 (10.0.19041.5915)
OS uptime: 0 days 8:44 hours
Hyper-V role detected

CPU: total 2 (initial active 2) (2 cores per cpu, 1 threads per core) family 6 model 92 stepping 9 microcode 0x38, cx8, cmov, fxsr, mmx, 3dnowpref, sse, sse2, sse3, ssse3, sse4.1, sse4.2, popcnt, tsc, tscinvbit, aes, erms, clmul, sha, clflush, clflushopt, hv, rdtscp

Memory: 4k page, system-wide physical 3927M (610M free)
TotalPageFile size 8379M (AvailPageFile size 0M)
current process WorkingSet (physical memory assigned to process): 54M, peak: 54M
current process commit charge ("private bytes"): 138M, peak: 139M

vm_info: OpenJDK 64-Bit Server VM (19.0.2+7) for windows-amd64 JRE (19.0.2+7), built on 2023-01-17T00:00:00Z by "temurin" with MS VC++ 16.7 (VS2019)

END.
